<?xml version="1.0" encoding="UTF-8"?>
<coverage generated="1746543104761" clover="3.2.0">
  <project timestamp="1746543104761" name="All files">
    <metrics statements="352" coveredstatements="298" conditionals="192" coveredconditionals="133" methods="44" coveredmethods="34" elements="588" coveredelements="465" complexity="0" loc="352" ncloc="352" packages="1" files="2" classes="2"/>
    <file name="api-test-utils.ts" path="/Users/outsource/Documents/001_wOC/google-todo-app/tests/utils/api-test-utils.ts">
      <metrics statements="339" coveredstatements="287" conditionals="189" coveredconditionals="132" methods="32" coveredmethods="27"/>
      <line num="2" count="30" type="stmt"/>
      <line num="12" count="30" type="stmt"/>
      <line num="17" count="25" type="stmt"/>
      <line num="18" count="25" type="stmt"/>
      <line num="23" count="24" type="stmt"/>
      <line num="25" count="1" type="cond" truecount="1" falsecount="1"/>
      <line num="33" count="7" type="stmt"/>
      <line num="35" count="7" type="cond" truecount="3" falsecount="0"/>
      <line num="36" count="2" type="stmt"/>
      <line num="40" count="5" type="stmt"/>
      <line num="47" count="5" type="cond" truecount="1" falsecount="0"/>
      <line num="48" count="1" type="stmt"/>
      <line num="52" count="4" type="stmt"/>
      <line num="59" count="3" type="stmt"/>
      <line num="61" count="1" type="cond" truecount="1" falsecount="1"/>
      <line num="69" count="5" type="stmt"/>
      <line num="70" count="5" type="cond" truecount="1" falsecount="0"/>
      <line num="71" count="1" type="stmt"/>
      <line num="75" count="4" type="stmt"/>
      <line num="82" count="3" type="cond" truecount="1" falsecount="0"/>
      <line num="83" count="2" type="stmt"/>
      <line num="86" count="1" type="stmt"/>
      <line num="88" count="1" type="cond" truecount="1" falsecount="1"/>
      <line num="96" count="6" type="stmt"/>
      <line num="97" count="6" type="cond" truecount="1" falsecount="0"/>
      <line num="98" count="1" type="stmt"/>
      <line num="101" count="5" type="cond" truecount="4" falsecount="0"/>
      <line num="102" count="1" type="stmt"/>
      <line num="106" count="4" type="stmt"/>
      <line num="113" count="4" type="cond" truecount="1" falsecount="0"/>
      <line num="114" count="1" type="stmt"/>
      <line num="118" count="3" type="stmt"/>
      <line num="126" count="3" type="cond" truecount="1" falsecount="0"/>
      <line num="127" count="1" type="stmt"/>
      <line num="134" count="2" type="stmt"/>
      <line num="139" count="1" type="stmt"/>
      <line num="141" count="1" type="cond" truecount="1" falsecount="1"/>
      <line num="149" count="4" type="stmt"/>
      <line num="150" count="4" type="cond" truecount="1" falsecount="0"/>
      <line num="151" count="1" type="stmt"/>
      <line num="155" count="3" type="stmt"/>
      <line num="162" count="3" type="cond" truecount="1" falsecount="0"/>
      <line num="163" count="1" type="stmt"/>
      <line num="167" count="2" type="stmt"/>
      <line num="171" count="1" type="stmt"/>
      <line num="173" count="1" type="cond" truecount="1" falsecount="1"/>
      <line num="179" count="30" type="stmt"/>
      <line num="184" count="16" type="stmt"/>
      <line num="185" count="16" type="stmt"/>
      <line num="192" count="15" type="cond" truecount="1" falsecount="0"/>
      <line num="193" count="14" type="stmt"/>
      <line num="196" count="1" type="stmt"/>
      <line num="197" count="1" type="cond" truecount="1" falsecount="1"/>
      <line num="199" count="15" type="cond" truecount="1" falsecount="1"/>
      <line num="207" count="6" type="stmt"/>
      <line num="208" count="6" type="cond" truecount="1" falsecount="0"/>
      <line num="209" count="1" type="stmt"/>
      <line num="212" count="5" type="cond" truecount="1" falsecount="0"/>
      <line num="213" count="1" type="stmt"/>
      <line num="216" count="4" type="stmt"/>
      <line num="223" count="3" type="cond" truecount="1" falsecount="0"/>
      <line num="225" count="2" type="cond" truecount="1" falsecount="0"/>
      <line num="226" count="1" type="stmt"/>
      <line num="228" count="1" type="stmt"/>
      <line num="231" count="1" type="stmt"/>
      <line num="232" count="1" type="stmt"/>
      <line num="234" count="2" type="cond" truecount="1" falsecount="1"/>
      <line num="242" count="5" type="stmt"/>
      <line num="243" count="5" type="cond" truecount="3" falsecount="0"/>
      <line num="244" count="1" type="stmt"/>
      <line num="247" count="4" type="cond" truecount="1" falsecount="0"/>
      <line num="248" count="1" type="stmt"/>
      <line num="251" count="3" type="stmt"/>
      <line num="260" count="2" type="cond" truecount="1" falsecount="0"/>
      <line num="261" count="1" type="stmt"/>
      <line num="264" count="1" type="stmt"/>
      <line num="265" count="1" type="stmt"/>
      <line num="267" count="2" type="cond" truecount="1" falsecount="1"/>
      <line num="275" count="7" type="stmt"/>
      <line num="276" count="7" type="cond" truecount="1" falsecount="0"/>
      <line num="277" count="1" type="stmt"/>
      <line num="280" count="6" type="cond" truecount="3" falsecount="0"/>
      <line num="281" count="1" type="stmt"/>
      <line num="284" count="5" type="cond" truecount="1" falsecount="0"/>
      <line num="285" count="1" type="stmt"/>
      <line num="288" count="4" type="stmt"/>
      <line num="297" count="3" type="cond" truecount="1" falsecount="0"/>
      <line num="299" count="2" type="cond" truecount="1" falsecount="0"/>
      <line num="300" count="1" type="stmt"/>
      <line num="302" count="1" type="stmt"/>
      <line num="305" count="1" type="stmt"/>
      <line num="306" count="1" type="stmt"/>
      <line num="308" count="2" type="cond" truecount="1" falsecount="1"/>
      <line num="316" count="6" type="stmt"/>
      <line num="317" count="6" type="cond" truecount="1" falsecount="0"/>
      <line num="318" count="1" type="stmt"/>
      <line num="321" count="5" type="cond" truecount="1" falsecount="0"/>
      <line num="322" count="1" type="stmt"/>
      <line num="325" count="4" type="stmt"/>
      <line num="333" count="3" type="cond" truecount="1" falsecount="0"/>
      <line num="335" count="2" type="cond" truecount="1" falsecount="0"/>
      <line num="336" count="1" type="stmt"/>
      <line num="338" count="1" type="stmt"/>
      <line num="341" count="1" type="stmt"/>
      <line num="343" count="2" type="cond" truecount="1" falsecount="1"/>
      <line num="349" count="30" type="stmt"/>
      <line num="354" count="3" type="stmt"/>
      <line num="355" count="3" type="stmt"/>
      <line num="369" count="2" type="cond" truecount="1" falsecount="0"/>
      <line num="370" count="1" type="stmt"/>
      <line num="373" count="1" type="stmt"/>
      <line num="375" count="1" type="cond" truecount="1" falsecount="1"/>
      <line num="383" count="2" type="stmt"/>
      <line num="384" count="2" type="stmt"/>
      <line num="394" count="1" type="stmt"/>
      <line num="401" count="1" type="cond" truecount="1" falsecount="1"/>
      <line num="407" count="30" type="stmt"/>
      <line num="412" count="20" type="stmt"/>
      <line num="413" count="20" type="cond" truecount="1" falsecount="0"/>
      <line num="414" count="1" type="stmt"/>
      <line num="417" count="19" type="cond" truecount="1" falsecount="0"/>
      <line num="418" count="1" type="stmt"/>
      <line num="421" count="18" type="stmt"/>
      <line num="424" count="18" type="cond" truecount="1" falsecount="0"/>
      <line num="425" count="1" type="stmt"/>
      <line num="428" count="18" type="stmt"/>
      <line num="435" count="17" type="cond" truecount="1" falsecount="0"/>
      <line num="437" count="14" type="cond" truecount="1" falsecount="0"/>
      <line num="438" count="1" type="stmt"/>
      <line num="440" count="13" type="stmt"/>
      <line num="443" count="3" type="stmt"/>
      <line num="444" count="3" type="cond" truecount="1" falsecount="1"/>
      <line num="446" count="14" type="cond" truecount="1" falsecount="1"/>
      <line num="454" count="7" type="stmt"/>
      <line num="455" count="7" type="cond" truecount="1" falsecount="0"/>
      <line num="456" count="1" type="stmt"/>
      <line num="459" count="6" type="cond" truecount="3" falsecount="0"/>
      <line num="460" count="1" type="stmt"/>
      <line num="463" count="5" type="cond" truecount="1" falsecount="0"/>
      <line num="464" count="1" type="stmt"/>
      <line num="467" count="4" type="stmt"/>
      <line num="480" count="3" type="cond" truecount="1" falsecount="0"/>
      <line num="482" count="1" type="cond" truecount="1" falsecount="0"/>
      <line num="483" count="1" type="stmt"/>
      <line num="485" count="0" type="stmt"/>
      <line num="488" count="2" type="stmt"/>
      <line num="489" count="2" type="stmt"/>
      <line num="491" count="1" type="cond" truecount="1" falsecount="1"/>
      <line num="499" count="6" type="stmt"/>
      <line num="500" count="6" type="cond" truecount="1" falsecount="0"/>
      <line num="501" count="1" type="stmt"/>
      <line num="504" count="5" type="cond" truecount="1" falsecount="0"/>
      <line num="505" count="1" type="stmt"/>
      <line num="508" count="4" type="cond" truecount="1" falsecount="0"/>
      <line num="509" count="1" type="stmt"/>
      <line num="512" count="3" type="stmt"/>
      <line num="519" count="2" type="cond" truecount="1" falsecount="0"/>
      <line num="521" count="1" type="cond" truecount="1" falsecount="0"/>
      <line num="522" count="1" type="stmt"/>
      <line num="524" count="0" type="stmt"/>
      <line num="527" count="1" type="stmt"/>
      <line num="528" count="1" type="stmt"/>
      <line num="530" count="1" type="cond" truecount="1" falsecount="1"/>
      <line num="543" count="16" type="stmt"/>
      <line num="544" count="16" type="cond" truecount="1" falsecount="0"/>
      <line num="545" count="2" type="stmt"/>
      <line num="548" count="14" type="cond" truecount="1" falsecount="0"/>
      <line num="549" count="2" type="stmt"/>
      <line num="552" count="12" type="cond" truecount="1" falsecount="0"/>
      <line num="553" count="2" type="stmt"/>
      <line num="557" count="10" type="cond" truecount="3" falsecount="0"/>
      <line num="558" count="1" type="stmt"/>
      <line num="561" count="9" type="stmt"/>
      <line num="570" count="7" type="cond" truecount="1" falsecount="0"/>
      <line num="572" count="2" type="cond" truecount="1" falsecount="0"/>
      <line num="573" count="2" type="stmt"/>
      <line num="575" count="0" type="stmt"/>
      <line num="578" count="5" type="stmt"/>
      <line num="579" count="5" type="stmt"/>
      <line num="581" count="2" type="cond" truecount="1" falsecount="1"/>
      <line num="589" count="6" type="stmt"/>
      <line num="590" count="6" type="cond" truecount="1" falsecount="0"/>
      <line num="591" count="1" type="stmt"/>
      <line num="594" count="5" type="cond" truecount="1" falsecount="0"/>
      <line num="595" count="1" type="stmt"/>
      <line num="598" count="4" type="cond" truecount="1" falsecount="0"/>
      <line num="599" count="1" type="stmt"/>
      <line num="602" count="3" type="stmt"/>
      <line num="610" count="2" type="cond" truecount="1" falsecount="0"/>
      <line num="612" count="1" type="cond" truecount="1" falsecount="0"/>
      <line num="613" count="1" type="stmt"/>
      <line num="615" count="0" type="stmt"/>
      <line num="618" count="1" type="stmt"/>
      <line num="620" count="1" type="cond" truecount="1" falsecount="1"/>
      <line num="628" count="8" type="stmt"/>
      <line num="629" count="8" type="cond" truecount="1" falsecount="0"/>
      <line num="630" count="1" type="stmt"/>
      <line num="633" count="7" type="cond" truecount="1" falsecount="0"/>
      <line num="634" count="1" type="stmt"/>
      <line num="637" count="6" type="cond" truecount="1" falsecount="0"/>
      <line num="638" count="1" type="stmt"/>
      <line num="642" count="5" type="stmt"/>
      <line num="643" count="5" type="stmt"/>
      <line num="645" count="5" type="cond" truecount="1" falsecount="0"/>
      <line num="646" count="2" type="stmt"/>
      <line num="649" count="5" type="cond" truecount="1" falsecount="0"/>
      <line num="650" count="4" type="stmt"/>
      <line num="654" count="5" type="stmt"/>
      <line num="655" count="5" type="cond" truecount="1" falsecount="0"/>
      <line num="656" count="5" type="stmt"/>
      <line num="659" count="5" type="stmt"/>
      <line num="667" count="4" type="cond" truecount="1" falsecount="0"/>
      <line num="669" count="1" type="cond" truecount="1" falsecount="0"/>
      <line num="670" count="1" type="stmt"/>
      <line num="672" count="0" type="stmt"/>
      <line num="675" count="3" type="stmt"/>
      <line num="676" count="3" type="stmt"/>
      <line num="678" count="1" type="cond" truecount="1" falsecount="1"/>
      <line num="684" count="30" type="stmt"/>
      <line num="689" count="1" type="stmt"/>
      <line num="690" count="1" type="stmt"/>
      <line num="696" count="1" type="stmt"/>
      <line num="698" count="0" type="cond" truecount="0" falsecount="2"/>
      <line num="704" count="30" type="stmt"/>
      <line num="709" count="4" type="stmt"/>
      <line num="710" count="4" type="cond" truecount="1" falsecount="0"/>
      <line num="711" count="1" type="stmt"/>
      <line num="715" count="3" type="stmt"/>
      <line num="727" count="2" type="cond" truecount="1" falsecount="0"/>
      <line num="728" count="1" type="stmt"/>
      <line num="739" count="1" type="stmt"/>
      <line num="741" count="1" type="cond" truecount="1" falsecount="1"/>
      <line num="756" count="5" type="stmt"/>
      <line num="757" count="5" type="cond" truecount="1" falsecount="0"/>
      <line num="758" count="1" type="stmt"/>
      <line num="762" count="4" type="stmt"/>
      <line num="770" count="4" type="stmt"/>
      <line num="772" count="2" type="cond" truecount="2" falsecount="0"/>
      <line num="773" count="1" type="stmt"/>
      <line num="782" count="1" type="stmt"/>
      <line num="791" count="2" type="cond" truecount="1" falsecount="0"/>
      <line num="793" count="2" type="stmt"/>
      <line num="803" count="2" type="cond" truecount="1" falsecount="0"/>
      <line num="804" count="2" type="stmt"/>
      <line num="808" count="2" type="stmt"/>
      <line num="816" count="2" type="stmt"/>
      <line num="825" count="2" type="stmt"/>
      <line num="828" count="2" type="cond" truecount="1" falsecount="0"/>
      <line num="829" count="1" type="stmt"/>
      <line num="831" count="1" type="cond" truecount="1" falsecount="1"/>
      <line num="839" count="4" type="stmt"/>
      <line num="840" count="4" type="cond" truecount="1" falsecount="0"/>
      <line num="841" count="1" type="stmt"/>
      <line num="845" count="3" type="stmt"/>
      <line num="852" count="3" type="cond" truecount="1" falsecount="0"/>
      <line num="853" count="1" type="stmt"/>
      <line num="857" count="2" type="stmt"/>
      <line num="861" count="1" type="stmt"/>
      <line num="863" count="1" type="cond" truecount="1" falsecount="1"/>
      <line num="869" count="30" type="stmt"/>
      <line num="874" count="0" type="stmt"/>
      <line num="875" count="0" type="cond" truecount="0" falsecount="1"/>
      <line num="876" count="0" type="stmt"/>
      <line num="880" count="0" type="cond" truecount="0" falsecount="1"/>
      <line num="881" count="0" type="stmt"/>
      <line num="885" count="0" type="stmt"/>
      <line num="893" count="0" type="cond" truecount="0" falsecount="1"/>
      <line num="894" count="0" type="stmt"/>
      <line num="906" count="0" type="stmt"/>
      <line num="908" count="0" type="cond" truecount="0" falsecount="2"/>
      <line num="916" count="0" type="stmt"/>
      <line num="917" count="0" type="cond" truecount="0" falsecount="1"/>
      <line num="918" count="0" type="stmt"/>
      <line num="922" count="0" type="cond" truecount="0" falsecount="1"/>
      <line num="923" count="0" type="stmt"/>
      <line num="927" count="0" type="stmt"/>
      <line num="935" count="0" type="cond" truecount="0" falsecount="1"/>
      <line num="936" count="0" type="stmt"/>
      <line num="948" count="0" type="stmt"/>
      <line num="950" count="0" type="cond" truecount="0" falsecount="2"/>
      <line num="958" count="0" type="stmt"/>
      <line num="959" count="0" type="cond" truecount="0" falsecount="1"/>
      <line num="960" count="0" type="stmt"/>
      <line num="964" count="0" type="cond" truecount="0" falsecount="1"/>
      <line num="965" count="0" type="stmt"/>
      <line num="969" count="0" type="stmt"/>
      <line num="977" count="0" type="cond" truecount="0" falsecount="1"/>
      <line num="978" count="0" type="stmt"/>
      <line num="990" count="0" type="stmt"/>
      <line num="992" count="0" type="cond" truecount="0" falsecount="2"/>
      <line num="1000" count="0" type="stmt"/>
      <line num="1001" count="0" type="cond" truecount="0" falsecount="1"/>
      <line num="1002" count="0" type="stmt"/>
      <line num="1006" count="0" type="cond" truecount="0" falsecount="1"/>
      <line num="1007" count="0" type="stmt"/>
      <line num="1011" count="0" type="stmt"/>
      <line num="1019" count="0" type="cond" truecount="0" falsecount="1"/>
      <line num="1020" count="0" type="stmt"/>
      <line num="1032" count="0" type="stmt"/>
      <line num="1034" count="0" type="cond" truecount="0" falsecount="2"/>
      <line num="1042" count="0" type="stmt"/>
      <line num="1047" count="0" type="stmt"/>
      <line num="1053" count="0" type="cond" truecount="0" falsecount="2"/>
      <line num="1059" count="30" type="stmt"/>
      <line num="1064" count="2" type="stmt"/>
      <line num="1065" count="2" type="cond" truecount="1" falsecount="0"/>
      <line num="1066" count="1" type="stmt"/>
      <line num="1071" count="1" type="stmt"/>
      <line num="1079" count="1" type="stmt"/>
      <line num="1085" count="0" type="cond" truecount="0" falsecount="2"/>
      <line num="1093" count="4" type="stmt"/>
      <line num="1095" count="4" type="cond" truecount="1" falsecount="0"/>
      <line num="1096" count="1" type="stmt"/>
      <line num="1100" count="3" type="cond" truecount="4" falsecount="1"/>
      <line num="1101" count="1" type="stmt"/>
      <line num="1104" count="2" type="cond" truecount="1" falsecount="0"/>
      <line num="1105" count="1" type="stmt"/>
      <line num="1109" count="1" type="stmt"/>
      <line num="1115" count="0" type="cond" truecount="0" falsecount="2"/>
      <line num="1123" count="10" type="stmt"/>
      <line num="1125" count="10" type="cond" truecount="1" falsecount="0"/>
      <line num="1126" count="2" type="stmt"/>
      <line num="1129" count="8" type="cond" truecount="3" falsecount="1"/>
      <line num="1132" count="8" type="cond" truecount="1" falsecount="0"/>
      <line num="1133" count="1" type="stmt"/>
      <line num="1137" count="7" type="cond" truecount="1" falsecount="0"/>
      <line num="1138" count="1" type="stmt"/>
      <line num="1142" count="6" type="cond" truecount="3" falsecount="0"/>
      <line num="1144" count="1" type="stmt"/>
      <line num="1147" count="5" type="cond" truecount="3" falsecount="0"/>
      <line num="1149" count="1" type="stmt"/>
      <line num="1153" count="4" type="cond" truecount="1" falsecount="0"/>
      <line num="1154" count="3" type="stmt"/>
      <line num="1155" count="3" type="stmt"/>
      <line num="1157" count="3" type="cond" truecount="1" falsecount="0"/>
      <line num="1159" count="1" type="stmt"/>
      <line num="1162" count="2" type="stmt"/>
      <line num="1166" count="1" type="stmt"/>
      <line num="1168" count="0" type="cond" truecount="0" falsecount="2"/>
    </file>
    <file name="auth.ts" path="/Users/outsource/Documents/001_wOC/google-todo-app/tests/utils/auth.ts">
      <metrics statements="13" coveredstatements="11" conditionals="3" coveredconditionals="1" methods="12" coveredmethods="7"/>
      <line num="1" count="29" type="stmt"/>
      <line num="6" count="29" type="cond" truecount="1" falsecount="0"/>
      <line num="7" count="57" type="stmt"/>
      <line num="21" count="29" type="cond" truecount="0" falsecount="2"/>
      <line num="22" count="74" type="stmt"/>
      <line num="36" count="29" type="stmt"/>
      <line num="37" count="5" type="stmt"/>
      <line num="43" count="29" type="stmt"/>
      <line num="44" count="2" type="stmt"/>
      <line num="58" count="29" type="stmt"/>
      <line num="59" count="0" type="stmt"/>
      <line num="73" count="29" type="stmt"/>
      <line num="74" count="0" type="stmt"/>
    </file>
  </project>
</coverage>
