{"/Users/outsource/Documents/001_wOC/google-todo-app/tests/utils/api-test-utils.ts": {"path":"/Users/outsource/Documents/001_wOC/google-todo-app/tests/utils/api-test-utils.ts","statementMap":{"0":{"start":{"line":2,"column":0},"end":{"line":2,"column":42}},"1":{"start":{"line":12,"column":13},"end":{"line":176,"column":2}},"2":{"start":{"line":17,"column":4},"end":{"line":26,"column":5}},"3":{"start":{"line":18,"column":19},"end":{"line":21,"column":8}},"4":{"start":{"line":23,"column":6},"end":{"line":23,"column":35}},"5":{"start":{"line":25,"column":6},"end":{"line":25,"column":77}},"6":{"start":{"line":33,"column":4},"end":{"line":62,"column":5}},"7":{"start":{"line":35,"column":6},"end":{"line":37,"column":7}},"8":{"start":{"line":36,"column":8},"end":{"line":36,"column":62}},"9":{"start":{"line":40,"column":26},"end":{"line":45,"column":8}},"10":{"start":{"line":47,"column":6},"end":{"line":49,"column":7}},"11":{"start":{"line":48,"column":8},"end":{"line":48,"column":75}},"12":{"start":{"line":52,"column":21},"end":{"line":57,"column":8}},"13":{"start":{"line":59,"column":6},"end":{"line":59,"column":42}},"14":{"start":{"line":61,"column":6},"end":{"line":61,"column":77}},"15":{"start":{"line":69,"column":4},"end":{"line":89,"column":5}},"16":{"start":{"line":70,"column":6},"end":{"line":72,"column":7}},"17":{"start":{"line":71,"column":8},"end":{"line":71,"column":60}},"18":{"start":{"line":75,"column":18},"end":{"line":80,"column":8}},"19":{"start":{"line":82,"column":6},"end":{"line":84,"column":7}},"20":{"start":{"line":83,"column":8},"end":{"line":83,"column":55}},"21":{"start":{"line":86,"column":6},"end":{"line":86,"column":34}},"22":{"start":{"line":88,"column":6},"end":{"line":88,"column":76}},"23":{"start":{"line":96,"column":4},"end":{"line":142,"column":5}},"24":{"start":{"line":97,"column":6},"end":{"line":99,"column":7}},"25":{"start":{"line":98,"column":8},"end":{"line":98,"column":60}},"26":{"start":{"line":101,"column":6},"end":{"line":103,"column":7}},"27":{"start":{"line":102,"column":8},"end":{"line":102,"column":62}},"28":{"start":{"line":106,"column":26},"end":{"line":111,"column":8}},"29":{"start":{"line":113,"column":6},"end":{"line":115,"column":7}},"30":{"start":{"line":114,"column":8},"end":{"line":114,"column":55}},"31":{"start":{"line":118,"column":27},"end":{"line":124,"column":8}},"32":{"start":{"line":126,"column":6},"end":{"line":131,"column":7}},"33":{"start":{"line":127,"column":8},"end":{"line":130,"column":10}},"34":{"start":{"line":134,"column":25},"end":{"line":137,"column":8}},"35":{"start":{"line":139,"column":6},"end":{"line":139,"column":46}},"36":{"start":{"line":141,"column":6},"end":{"line":141,"column":77}},"37":{"start":{"line":149,"column":4},"end":{"line":174,"column":5}},"38":{"start":{"line":150,"column":6},"end":{"line":152,"column":7}},"39":{"start":{"line":151,"column":8},"end":{"line":151,"column":60}},"40":{"start":{"line":155,"column":26},"end":{"line":160,"column":8}},"41":{"start":{"line":162,"column":6},"end":{"line":164,"column":7}},"42":{"start":{"line":163,"column":8},"end":{"line":163,"column":55}},"43":{"start":{"line":167,"column":6},"end":{"line":169,"column":9}},"44":{"start":{"line":171,"column":6},"end":{"line":171,"column":44}},"45":{"start":{"line":173,"column":6},"end":{"line":173,"column":77}},"46":{"start":{"line":179,"column":13},"end":{"line":346,"column":2}},"47":{"start":{"line":184,"column":4},"end":{"line":200,"column":5}},"48":{"start":{"line":185,"column":23},"end":{"line":190,"column":8}},"49":{"start":{"line":192,"column":6},"end":{"line":194,"column":7}},"50":{"start":{"line":193,"column":8},"end":{"line":193,"column":78}},"51":{"start":{"line":196,"column":19},"end":{"line":196,"column":40}},"52":{"start":{"line":197,"column":6},"end":{"line":197,"column":58}},"53":{"start":{"line":199,"column":6},"end":{"line":199,"column":83}},"54":{"start":{"line":207,"column":4},"end":{"line":235,"column":5}},"55":{"start":{"line":208,"column":6},"end":{"line":210,"column":7}},"56":{"start":{"line":209,"column":8},"end":{"line":209,"column":66}},"57":{"start":{"line":212,"column":6},"end":{"line":214,"column":7}},"58":{"start":{"line":213,"column":8},"end":{"line":213,"column":62}},"59":{"start":{"line":216,"column":23},"end":{"line":221,"column":8}},"60":{"start":{"line":223,"column":6},"end":{"line":229,"column":7}},"61":{"start":{"line":225,"column":8},"end":{"line":227,"column":9}},"62":{"start":{"line":226,"column":10},"end":{"line":226,"column":63}},"63":{"start":{"line":228,"column":8},"end":{"line":228,"column":77}},"64":{"start":{"line":231,"column":23},"end":{"line":231,"column":44}},"65":{"start":{"line":232,"column":6},"end":{"line":232,"column":39}},"66":{"start":{"line":234,"column":6},"end":{"line":234,"column":82}},"67":{"start":{"line":242,"column":4},"end":{"line":268,"column":5}},"68":{"start":{"line":243,"column":6},"end":{"line":245,"column":7}},"69":{"start":{"line":244,"column":8},"end":{"line":244,"column":59}},"70":{"start":{"line":247,"column":6},"end":{"line":249,"column":7}},"71":{"start":{"line":248,"column":8},"end":{"line":248,"column":62}},"72":{"start":{"line":251,"column":23},"end":{"line":258,"column":8}},"73":{"start":{"line":260,"column":6},"end":{"line":262,"column":7}},"74":{"start":{"line":261,"column":8},"end":{"line":261,"column":78}},"75":{"start":{"line":264,"column":23},"end":{"line":264,"column":44}},"76":{"start":{"line":265,"column":6},"end":{"line":265,"column":39}},"77":{"start":{"line":267,"column":6},"end":{"line":267,"column":83}},"78":{"start":{"line":275,"column":4},"end":{"line":309,"column":5}},"79":{"start":{"line":276,"column":6},"end":{"line":278,"column":7}},"80":{"start":{"line":277,"column":8},"end":{"line":277,"column":66}},"81":{"start":{"line":280,"column":6},"end":{"line":282,"column":7}},"82":{"start":{"line":281,"column":8},"end":{"line":281,"column":59}},"83":{"start":{"line":284,"column":6},"end":{"line":286,"column":7}},"84":{"start":{"line":285,"column":8},"end":{"line":285,"column":62}},"85":{"start":{"line":288,"column":23},"end":{"line":295,"column":8}},"86":{"start":{"line":297,"column":6},"end":{"line":303,"column":7}},"87":{"start":{"line":299,"column":8},"end":{"line":301,"column":9}},"88":{"start":{"line":300,"column":10},"end":{"line":300,"column":63}},"89":{"start":{"line":302,"column":8},"end":{"line":302,"column":78}},"90":{"start":{"line":305,"column":23},"end":{"line":305,"column":44}},"91":{"start":{"line":306,"column":6},"end":{"line":306,"column":39}},"92":{"start":{"line":308,"column":6},"end":{"line":308,"column":83}},"93":{"start":{"line":316,"column":4},"end":{"line":344,"column":5}},"94":{"start":{"line":317,"column":6},"end":{"line":319,"column":7}},"95":{"start":{"line":318,"column":8},"end":{"line":318,"column":66}},"96":{"start":{"line":321,"column":6},"end":{"line":323,"column":7}},"97":{"start":{"line":322,"column":8},"end":{"line":322,"column":62}},"98":{"start":{"line":325,"column":23},"end":{"line":331,"column":8}},"99":{"start":{"line":333,"column":6},"end":{"line":339,"column":7}},"100":{"start":{"line":335,"column":8},"end":{"line":337,"column":9}},"101":{"start":{"line":336,"column":10},"end":{"line":336,"column":63}},"102":{"start":{"line":338,"column":8},"end":{"line":338,"column":78}},"103":{"start":{"line":341,"column":6},"end":{"line":341,"column":44}},"104":{"start":{"line":343,"column":6},"end":{"line":343,"column":83}},"105":{"start":{"line":349,"column":13},"end":{"line":404,"column":2}},"106":{"start":{"line":354,"column":4},"end":{"line":376,"column":5}},"107":{"start":{"line":355,"column":19},"end":{"line":367,"column":8}},"108":{"start":{"line":369,"column":6},"end":{"line":371,"column":7}},"109":{"start":{"line":370,"column":8},"end":{"line":370,"column":56}},"110":{"start":{"line":373,"column":6},"end":{"line":373,"column":35}},"111":{"start":{"line":375,"column":6},"end":{"line":375,"column":82}},"112":{"start":{"line":383,"column":4},"end":{"line":402,"column":5}},"113":{"start":{"line":384,"column":26},"end":{"line":392,"column":8}},"114":{"start":{"line":394,"column":6},"end":{"line":399,"column":8}},"115":{"start":{"line":401,"column":6},"end":{"line":401,"column":92}},"116":{"start":{"line":407,"column":13},"end":{"line":681,"column":2}},"117":{"start":{"line":412,"column":4},"end":{"line":447,"column":5}},"118":{"start":{"line":413,"column":6},"end":{"line":415,"column":7}},"119":{"start":{"line":414,"column":8},"end":{"line":414,"column":66}},"120":{"start":{"line":417,"column":6},"end":{"line":419,"column":7}},"121":{"start":{"line":418,"column":8},"end":{"line":418,"column":62}},"122":{"start":{"line":421,"column":16},"end":{"line":421,"column":81}},"123":{"start":{"line":424,"column":6},"end":{"line":426,"column":7}},"124":{"start":{"line":425,"column":8},"end":{"line":425,"column":38}},"125":{"start":{"line":428,"column":23},"end":{"line":433,"column":8}},"126":{"start":{"line":435,"column":6},"end":{"line":441,"column":7}},"127":{"start":{"line":437,"column":8},"end":{"line":439,"column":9}},"128":{"start":{"line":438,"column":10},"end":{"line":438,"column":63}},"129":{"start":{"line":440,"column":8},"end":{"line":440,"column":73}},"130":{"start":{"line":443,"column":19},"end":{"line":443,"column":40}},"131":{"start":{"line":444,"column":6},"end":{"line":444,"column":54}},"132":{"start":{"line":446,"column":6},"end":{"line":446,"column":78}},"133":{"start":{"line":454,"column":4},"end":{"line":492,"column":5}},"134":{"start":{"line":455,"column":6},"end":{"line":457,"column":7}},"135":{"start":{"line":456,"column":8},"end":{"line":456,"column":66}},"136":{"start":{"line":459,"column":6},"end":{"line":461,"column":7}},"137":{"start":{"line":460,"column":8},"end":{"line":460,"column":64}},"138":{"start":{"line":463,"column":6},"end":{"line":465,"column":7}},"139":{"start":{"line":464,"column":8},"end":{"line":464,"column":62}},"140":{"start":{"line":467,"column":23},"end":{"line":478,"column":8}},"141":{"start":{"line":480,"column":6},"end":{"line":486,"column":7}},"142":{"start":{"line":482,"column":8},"end":{"line":484,"column":9}},"143":{"start":{"line":483,"column":10},"end":{"line":483,"column":63}},"144":{"start":{"line":485,"column":8},"end":{"line":485,"column":73}},"145":{"start":{"line":488,"column":19},"end":{"line":488,"column":40}},"146":{"start":{"line":489,"column":6},"end":{"line":489,"column":35}},"147":{"start":{"line":491,"column":6},"end":{"line":491,"column":78}},"148":{"start":{"line":499,"column":4},"end":{"line":531,"column":5}},"149":{"start":{"line":500,"column":6},"end":{"line":502,"column":7}},"150":{"start":{"line":501,"column":8},"end":{"line":501,"column":66}},"151":{"start":{"line":504,"column":6},"end":{"line":506,"column":7}},"152":{"start":{"line":505,"column":8},"end":{"line":505,"column":61}},"153":{"start":{"line":508,"column":6},"end":{"line":510,"column":7}},"154":{"start":{"line":509,"column":8},"end":{"line":509,"column":62}},"155":{"start":{"line":512,"column":23},"end":{"line":517,"column":8}},"156":{"start":{"line":519,"column":6},"end":{"line":525,"column":7}},"157":{"start":{"line":521,"column":8},"end":{"line":523,"column":9}},"158":{"start":{"line":522,"column":10},"end":{"line":522,"column":58}},"159":{"start":{"line":524,"column":8},"end":{"line":524,"column":72}},"160":{"start":{"line":527,"column":19},"end":{"line":527,"column":40}},"161":{"start":{"line":528,"column":6},"end":{"line":528,"column":35}},"162":{"start":{"line":530,"column":6},"end":{"line":530,"column":77}},"163":{"start":{"line":543,"column":4},"end":{"line":582,"column":5}},"164":{"start":{"line":544,"column":6},"end":{"line":546,"column":7}},"165":{"start":{"line":545,"column":8},"end":{"line":545,"column":66}},"166":{"start":{"line":548,"column":6},"end":{"line":550,"column":7}},"167":{"start":{"line":549,"column":8},"end":{"line":549,"column":61}},"168":{"start":{"line":552,"column":6},"end":{"line":554,"column":7}},"169":{"start":{"line":553,"column":8},"end":{"line":553,"column":62}},"170":{"start":{"line":557,"column":6},"end":{"line":559,"column":7}},"171":{"start":{"line":558,"column":8},"end":{"line":558,"column":68}},"172":{"start":{"line":561,"column":23},"end":{"line":568,"column":8}},"173":{"start":{"line":570,"column":6},"end":{"line":576,"column":7}},"174":{"start":{"line":572,"column":8},"end":{"line":574,"column":9}},"175":{"start":{"line":573,"column":10},"end":{"line":573,"column":58}},"176":{"start":{"line":575,"column":8},"end":{"line":575,"column":73}},"177":{"start":{"line":578,"column":19},"end":{"line":578,"column":40}},"178":{"start":{"line":579,"column":6},"end":{"line":579,"column":35}},"179":{"start":{"line":581,"column":6},"end":{"line":581,"column":78}},"180":{"start":{"line":589,"column":4},"end":{"line":621,"column":5}},"181":{"start":{"line":590,"column":6},"end":{"line":592,"column":7}},"182":{"start":{"line":591,"column":8},"end":{"line":591,"column":66}},"183":{"start":{"line":594,"column":6},"end":{"line":596,"column":7}},"184":{"start":{"line":595,"column":8},"end":{"line":595,"column":61}},"185":{"start":{"line":598,"column":6},"end":{"line":600,"column":7}},"186":{"start":{"line":599,"column":8},"end":{"line":599,"column":62}},"187":{"start":{"line":602,"column":23},"end":{"line":608,"column":8}},"188":{"start":{"line":610,"column":6},"end":{"line":616,"column":7}},"189":{"start":{"line":612,"column":8},"end":{"line":614,"column":9}},"190":{"start":{"line":613,"column":10},"end":{"line":613,"column":58}},"191":{"start":{"line":615,"column":8},"end":{"line":615,"column":73}},"192":{"start":{"line":618,"column":6},"end":{"line":618,"column":44}},"193":{"start":{"line":620,"column":6},"end":{"line":620,"column":78}},"194":{"start":{"line":628,"column":4},"end":{"line":679,"column":5}},"195":{"start":{"line":629,"column":6},"end":{"line":631,"column":7}},"196":{"start":{"line":630,"column":8},"end":{"line":630,"column":66}},"197":{"start":{"line":633,"column":6},"end":{"line":635,"column":7}},"198":{"start":{"line":634,"column":8},"end":{"line":634,"column":61}},"199":{"start":{"line":637,"column":6},"end":{"line":639,"column":7}},"200":{"start":{"line":638,"column":8},"end":{"line":638,"column":62}},"201":{"start":{"line":642,"column":21},"end":{"line":642,"column":64}},"202":{"start":{"line":643,"column":26},"end":{"line":643,"column":47}},"203":{"start":{"line":645,"column":6},"end":{"line":647,"column":7}},"204":{"start":{"line":646,"column":8},"end":{"line":646,"column":52}},"205":{"start":{"line":649,"column":6},"end":{"line":651,"column":7}},"206":{"start":{"line":650,"column":8},"end":{"line":650,"column":56}},"207":{"start":{"line":654,"column":26},"end":{"line":654,"column":48}},"208":{"start":{"line":655,"column":6},"end":{"line":657,"column":7}},"209":{"start":{"line":656,"column":8},"end":{"line":656,"column":38}},"210":{"start":{"line":659,"column":23},"end":{"line":665,"column":8}},"211":{"start":{"line":667,"column":6},"end":{"line":673,"column":7}},"212":{"start":{"line":669,"column":8},"end":{"line":671,"column":9}},"213":{"start":{"line":670,"column":10},"end":{"line":670,"column":58}},"214":{"start":{"line":672,"column":8},"end":{"line":672,"column":71}},"215":{"start":{"line":675,"column":19},"end":{"line":675,"column":40}},"216":{"start":{"line":676,"column":6},"end":{"line":676,"column":35}},"217":{"start":{"line":678,"column":6},"end":{"line":678,"column":76}},"218":{"start":{"line":684,"column":13},"end":{"line":701,"column":2}},"219":{"start":{"line":689,"column":4},"end":{"line":699,"column":5}},"220":{"start":{"line":690,"column":25},"end":{"line":694,"column":8}},"221":{"start":{"line":696,"column":6},"end":{"line":696,"column":41}},"222":{"start":{"line":698,"column":6},"end":{"line":698,"column":83}},"223":{"start":{"line":704,"column":13},"end":{"line":866,"column":2}},"224":{"start":{"line":709,"column":4},"end":{"line":742,"column":5}},"225":{"start":{"line":710,"column":6},"end":{"line":712,"column":7}},"226":{"start":{"line":711,"column":8},"end":{"line":711,"column":61}},"227":{"start":{"line":715,"column":25},"end":{"line":724,"column":8}},"228":{"start":{"line":727,"column":6},"end":{"line":737,"column":7}},"229":{"start":{"line":728,"column":8},"end":{"line":736,"column":10}},"230":{"start":{"line":739,"column":6},"end":{"line":739,"column":41}},"231":{"start":{"line":741,"column":6},"end":{"line":741,"column":89}},"232":{"start":{"line":756,"column":4},"end":{"line":832,"column":5}},"233":{"start":{"line":757,"column":6},"end":{"line":759,"column":7}},"234":{"start":{"line":758,"column":8},"end":{"line":758,"column":61}},"235":{"start":{"line":762,"column":23},"end":{"line":767,"column":8}},"236":{"start":{"line":770,"column":32},"end":{"line":823,"column":8}},"237":{"start":{"line":772,"column":8},"end":{"line":788,"column":9}},"238":{"start":{"line":773,"column":10},"end":{"line":779,"column":13}},"239":{"start":{"line":782,"column":10},"end":{"line":787,"column":13}},"240":{"start":{"line":791,"column":8},"end":{"line":813,"column":9}},"241":{"start":{"line":793,"column":10},"end":{"line":800,"column":13}},"242":{"start":{"line":803,"column":10},"end":{"line":812,"column":11}},"243":{"start":{"line":804,"column":12},"end":{"line":811,"column":15}},"244":{"start":{"line":808,"column":51},"end":{"line":808,"column":64}},"245":{"start":{"line":816,"column":8},"end":{"line":822,"column":11}},"246":{"start":{"line":825,"column":6},"end":{"line":825,"column":60}},"247":{"start":{"line":828,"column":6},"end":{"line":830,"column":7}},"248":{"start":{"line":829,"column":8},"end":{"line":829,"column":71}},"249":{"start":{"line":831,"column":6},"end":{"line":831,"column":90}},"250":{"start":{"line":839,"column":4},"end":{"line":864,"column":5}},"251":{"start":{"line":840,"column":6},"end":{"line":842,"column":7}},"252":{"start":{"line":841,"column":8},"end":{"line":841,"column":61}},"253":{"start":{"line":845,"column":25},"end":{"line":850,"column":8}},"254":{"start":{"line":852,"column":6},"end":{"line":854,"column":7}},"255":{"start":{"line":853,"column":8},"end":{"line":853,"column":68}},"256":{"start":{"line":857,"column":6},"end":{"line":859,"column":9}},"257":{"start":{"line":861,"column":6},"end":{"line":861,"column":44}},"258":{"start":{"line":863,"column":6},"end":{"line":863,"column":90}},"259":{"start":{"line":869,"column":13},"end":{"line":1056,"column":2}},"260":{"start":{"line":874,"column":4},"end":{"line":909,"column":5}},"261":{"start":{"line":875,"column":6},"end":{"line":877,"column":7}},"262":{"start":{"line":876,"column":8},"end":{"line":876,"column":58}},"263":{"start":{"line":880,"column":6},"end":{"line":882,"column":7}},"264":{"start":{"line":881,"column":8},"end":{"line":881,"column":74}},"265":{"start":{"line":885,"column":20},"end":{"line":890,"column":8}},"266":{"start":{"line":893,"column":6},"end":{"line":904,"column":7}},"267":{"start":{"line":894,"column":8},"end":{"line":903,"column":10}},"268":{"start":{"line":906,"column":6},"end":{"line":906,"column":36}},"269":{"start":{"line":908,"column":6},"end":{"line":908,"column":84}},"270":{"start":{"line":916,"column":4},"end":{"line":951,"column":5}},"271":{"start":{"line":917,"column":6},"end":{"line":919,"column":7}},"272":{"start":{"line":918,"column":8},"end":{"line":918,"column":69}},"273":{"start":{"line":922,"column":6},"end":{"line":924,"column":7}},"274":{"start":{"line":923,"column":8},"end":{"line":923,"column":74}},"275":{"start":{"line":927,"column":20},"end":{"line":932,"column":8}},"276":{"start":{"line":935,"column":6},"end":{"line":946,"column":7}},"277":{"start":{"line":936,"column":8},"end":{"line":945,"column":10}},"278":{"start":{"line":948,"column":6},"end":{"line":948,"column":36}},"279":{"start":{"line":950,"column":6},"end":{"line":950,"column":85}},"280":{"start":{"line":958,"column":4},"end":{"line":993,"column":5}},"281":{"start":{"line":959,"column":6},"end":{"line":961,"column":7}},"282":{"start":{"line":960,"column":8},"end":{"line":960,"column":69}},"283":{"start":{"line":964,"column":6},"end":{"line":966,"column":7}},"284":{"start":{"line":965,"column":8},"end":{"line":965,"column":66}},"285":{"start":{"line":969,"column":20},"end":{"line":974,"column":8}},"286":{"start":{"line":977,"column":6},"end":{"line":988,"column":7}},"287":{"start":{"line":978,"column":8},"end":{"line":987,"column":10}},"288":{"start":{"line":990,"column":6},"end":{"line":990,"column":36}},"289":{"start":{"line":992,"column":6},"end":{"line":992,"column":86}},"290":{"start":{"line":1000,"column":4},"end":{"line":1035,"column":5}},"291":{"start":{"line":1001,"column":6},"end":{"line":1003,"column":7}},"292":{"start":{"line":1002,"column":8},"end":{"line":1002,"column":58}},"293":{"start":{"line":1006,"column":6},"end":{"line":1008,"column":7}},"294":{"start":{"line":1007,"column":8},"end":{"line":1007,"column":63}},"295":{"start":{"line":1011,"column":20},"end":{"line":1016,"column":8}},"296":{"start":{"line":1019,"column":6},"end":{"line":1030,"column":7}},"297":{"start":{"line":1020,"column":8},"end":{"line":1029,"column":10}},"298":{"start":{"line":1032,"column":6},"end":{"line":1032,"column":36}},"299":{"start":{"line":1034,"column":6},"end":{"line":1034,"column":85}},"300":{"start":{"line":1042,"column":4},"end":{"line":1054,"column":5}},"301":{"start":{"line":1047,"column":6},"end":{"line":1051,"column":8}},"302":{"start":{"line":1053,"column":6},"end":{"line":1053,"column":79}},"303":{"start":{"line":1059,"column":13},"end":{"line":1171,"column":2}},"304":{"start":{"line":1064,"column":4},"end":{"line":1086,"column":5}},"305":{"start":{"line":1065,"column":6},"end":{"line":1067,"column":7}},"306":{"start":{"line":1066,"column":8},"end":{"line":1066,"column":72}},"307":{"start":{"line":1071,"column":21},"end":{"line":1076,"column":8}},"308":{"start":{"line":1079,"column":6},"end":{"line":1083,"column":8}},"309":{"start":{"line":1085,"column":6},"end":{"line":1085,"column":91}},"310":{"start":{"line":1093,"column":4},"end":{"line":1116,"column":5}},"311":{"start":{"line":1095,"column":6},"end":{"line":1097,"column":7}},"312":{"start":{"line":1096,"column":8},"end":{"line":1096,"column":66}},"313":{"start":{"line":1100,"column":6},"end":{"line":1102,"column":7}},"314":{"start":{"line":1101,"column":8},"end":{"line":1101,"column":77}},"315":{"start":{"line":1104,"column":6},"end":{"line":1106,"column":7}},"316":{"start":{"line":1105,"column":8},"end":{"line":1105,"column":82}},"317":{"start":{"line":1109,"column":6},"end":{"line":1113,"column":8}},"318":{"start":{"line":1115,"column":6},"end":{"line":1115,"column":81}},"319":{"start":{"line":1123,"column":4},"end":{"line":1169,"column":5}},"320":{"start":{"line":1125,"column":6},"end":{"line":1127,"column":7}},"321":{"start":{"line":1126,"column":8},"end":{"line":1126,"column":65}},"322":{"start":{"line":1129,"column":21},"end":{"line":1129,"column":41}},"323":{"start":{"line":1132,"column":6},"end":{"line":1134,"column":7}},"324":{"start":{"line":1133,"column":8},"end":{"line":1133,"column":70}},"325":{"start":{"line":1137,"column":6},"end":{"line":1139,"column":7}},"326":{"start":{"line":1138,"column":8},"end":{"line":1138,"column":64}},"327":{"start":{"line":1142,"column":6},"end":{"line":1145,"column":7}},"328":{"start":{"line":1144,"column":8},"end":{"line":1144,"column":46}},"329":{"start":{"line":1147,"column":6},"end":{"line":1150,"column":7}},"330":{"start":{"line":1149,"column":8},"end":{"line":1149,"column":46}},"331":{"start":{"line":1153,"column":6},"end":{"line":1163,"column":7}},"332":{"start":{"line":1154,"column":27},"end":{"line":1154,"column":59}},"333":{"start":{"line":1155,"column":24},"end":{"line":1155,"column":56}},"334":{"start":{"line":1157,"column":8},"end":{"line":1160,"column":9}},"335":{"start":{"line":1159,"column":10},"end":{"line":1159,"column":48}},"336":{"start":{"line":1162,"column":8},"end":{"line":1162,"column":85}},"337":{"start":{"line":1166,"column":6},"end":{"line":1166,"column":75}},"338":{"start":{"line":1168,"column":6},"end":{"line":1168,"column":85}}},"fnMap":{"0":{"name":"(anonymous_0)","decl":{"start":{"line":16,"column":2},"end":{"line":16,"column":7}},"loc":{"start":{"line":16,"column":30},"end":{"line":27,"column":3}}},"1":{"name":"(anonymous_1)","decl":{"start":{"line":32,"column":2},"end":{"line":32,"column":7}},"loc":{"start":{"line":32,"column":46},"end":{"line":63,"column":3}}},"2":{"name":"(anonymous_2)","decl":{"start":{"line":68,"column":2},"end":{"line":68,"column":7}},"loc":{"start":{"line":68,"column":44},"end":{"line":90,"column":3}}},"3":{"name":"(anonymous_3)","decl":{"start":{"line":95,"column":2},"end":{"line":95,"column":7}},"loc":{"start":{"line":95,"column":61},"end":{"line":143,"column":3}}},"4":{"name":"(anonymous_4)","decl":{"start":{"line":148,"column":2},"end":{"line":148,"column":7}},"loc":{"start":{"line":148,"column":47},"end":{"line":175,"column":3}}},"5":{"name":"(anonymous_5)","decl":{"start":{"line":183,"column":2},"end":{"line":183,"column":7}},"loc":{"start":{"line":183,"column":40},"end":{"line":201,"column":3}}},"6":{"name":"(anonymous_6)","decl":{"start":{"line":206,"column":2},"end":{"line":206,"column":7}},"loc":{"start":{"line":206,"column":59},"end":{"line":236,"column":3}}},"7":{"name":"(anonymous_7)","decl":{"start":{"line":241,"column":2},"end":{"line":241,"column":7}},"loc":{"start":{"line":241,"column":57},"end":{"line":269,"column":3}}},"8":{"name":"(anonymous_8)","decl":{"start":{"line":274,"column":2},"end":{"line":274,"column":7}},"loc":{"start":{"line":274,"column":77},"end":{"line":310,"column":3}}},"9":{"name":"(anonymous_9)","decl":{"start":{"line":315,"column":2},"end":{"line":315,"column":7}},"loc":{"start":{"line":315,"column":62},"end":{"line":345,"column":3}}},"10":{"name":"(anonymous_10)","decl":{"start":{"line":353,"column":2},"end":{"line":353,"column":7}},"loc":{"start":{"line":353,"column":34},"end":{"line":377,"column":3}}},"11":{"name":"(anonymous_11)","decl":{"start":{"line":382,"column":2},"end":{"line":382,"column":7}},"loc":{"start":{"line":382,"column":60},"end":{"line":403,"column":3}}},"12":{"name":"(anonymous_12)","decl":{"start":{"line":411,"column":2},"end":{"line":411,"column":7}},"loc":{"start":{"line":411,"column":78},"end":{"line":448,"column":3}}},"13":{"name":"(anonymous_13)","decl":{"start":{"line":453,"column":2},"end":{"line":453,"column":7}},"loc":{"start":{"line":453,"column":117},"end":{"line":493,"column":3}}},"14":{"name":"(anonymous_14)","decl":{"start":{"line":498,"column":2},"end":{"line":498,"column":7}},"loc":{"start":{"line":498,"column":71},"end":{"line":532,"column":3}}},"15":{"name":"(anonymous_15)","decl":{"start":{"line":537,"column":2},"end":{"line":537,"column":7}},"loc":{"start":{"line":541,"column":23},"end":{"line":583,"column":3}}},"16":{"name":"(anonymous_16)","decl":{"start":{"line":588,"column":2},"end":{"line":588,"column":7}},"loc":{"start":{"line":588,"column":74},"end":{"line":622,"column":3}}},"17":{"name":"(anonymous_17)","decl":{"start":{"line":627,"column":2},"end":{"line":627,"column":7}},"loc":{"start":{"line":627,"column":120},"end":{"line":680,"column":3}}},"18":{"name":"(anonymous_18)","decl":{"start":{"line":688,"column":2},"end":{"line":688,"column":7}},"loc":{"start":{"line":688,"column":21},"end":{"line":700,"column":3}}},"19":{"name":"(anonymous_19)","decl":{"start":{"line":708,"column":2},"end":{"line":708,"column":7}},"loc":{"start":{"line":708,"column":56},"end":{"line":743,"column":3}}},"20":{"name":"(anonymous_20)","decl":{"start":{"line":748,"column":2},"end":{"line":748,"column":7}},"loc":{"start":{"line":754,"column":5},"end":{"line":833,"column":3}}},"21":{"name":"(anonymous_21)","decl":{"start":{"line":770,"column":58},"end":{"line":770,"column":63}},"loc":{"start":{"line":770,"column":71},"end":{"line":823,"column":7}}},"22":{"name":"(anonymous_22)","decl":{"start":{"line":808,"column":41},"end":{"line":808,"column":46}},"loc":{"start":{"line":808,"column":51},"end":{"line":808,"column":64}}},"23":{"name":"(anonymous_23)","decl":{"start":{"line":838,"column":2},"end":{"line":838,"column":7}},"loc":{"start":{"line":838,"column":59},"end":{"line":865,"column":3}}},"24":{"name":"(anonymous_24)","decl":{"start":{"line":873,"column":2},"end":{"line":873,"column":7}},"loc":{"start":{"line":873,"column":50},"end":{"line":910,"column":3}}},"25":{"name":"(anonymous_25)","decl":{"start":{"line":915,"column":2},"end":{"line":915,"column":7}},"loc":{"start":{"line":915,"column":56},"end":{"line":952,"column":3}}},"26":{"name":"(anonymous_26)","decl":{"start":{"line":957,"column":2},"end":{"line":957,"column":7}},"loc":{"start":{"line":957,"column":57},"end":{"line":994,"column":3}}},"27":{"name":"(anonymous_27)","decl":{"start":{"line":999,"column":2},"end":{"line":999,"column":7}},"loc":{"start":{"line":999,"column":51},"end":{"line":1036,"column":3}}},"28":{"name":"(anonymous_28)","decl":{"start":{"line":1041,"column":2},"end":{"line":1041,"column":7}},"loc":{"start":{"line":1041,"column":34},"end":{"line":1055,"column":3}}},"29":{"name":"(anonymous_29)","decl":{"start":{"line":1063,"column":2},"end":{"line":1063,"column":7}},"loc":{"start":{"line":1063,"column":46},"end":{"line":1087,"column":3}}},"30":{"name":"(anonymous_30)","decl":{"start":{"line":1092,"column":2},"end":{"line":1092,"column":7}},"loc":{"start":{"line":1092,"column":38},"end":{"line":1117,"column":3}}},"31":{"name":"(anonymous_31)","decl":{"start":{"line":1122,"column":2},"end":{"line":1122,"column":7}},"loc":{"start":{"line":1122,"column":70},"end":{"line":1170,"column":3}}}},"branchMap":{"0":{"loc":{"start":{"line":25,"column":22},"end":{"line":25,"column":61}},"type":"binary-expr","locations":[{"start":{"line":25,"column":22},"end":{"line":25,"column":35}},{"start":{"line":25,"column":39},"end":{"line":25,"column":61}}]},"1":{"loc":{"start":{"line":35,"column":6},"end":{"line":37,"column":7}},"type":"if","locations":[{"start":{"line":35,"column":6},"end":{"line":37,"column":7}}]},"2":{"loc":{"start":{"line":35,"column":10},"end":{"line":35,"column":37}},"type":"binary-expr","locations":[{"start":{"line":35,"column":10},"end":{"line":35,"column":15}},{"start":{"line":35,"column":19},"end":{"line":35,"column":37}}]},"3":{"loc":{"start":{"line":47,"column":6},"end":{"line":49,"column":7}},"type":"if","locations":[{"start":{"line":47,"column":6},"end":{"line":49,"column":7}}]},"4":{"loc":{"start":{"line":61,"column":22},"end":{"line":61,"column":61}},"type":"binary-expr","locations":[{"start":{"line":61,"column":22},"end":{"line":61,"column":35}},{"start":{"line":61,"column":39},"end":{"line":61,"column":61}}]},"5":{"loc":{"start":{"line":70,"column":6},"end":{"line":72,"column":7}},"type":"if","locations":[{"start":{"line":70,"column":6},"end":{"line":72,"column":7}}]},"6":{"loc":{"start":{"line":82,"column":6},"end":{"line":84,"column":7}},"type":"if","locations":[{"start":{"line":82,"column":6},"end":{"line":84,"column":7}}]},"7":{"loc":{"start":{"line":88,"column":22},"end":{"line":88,"column":60}},"type":"binary-expr","locations":[{"start":{"line":88,"column":22},"end":{"line":88,"column":35}},{"start":{"line":88,"column":39},"end":{"line":88,"column":60}}]},"8":{"loc":{"start":{"line":97,"column":6},"end":{"line":99,"column":7}},"type":"if","locations":[{"start":{"line":97,"column":6},"end":{"line":99,"column":7}}]},"9":{"loc":{"start":{"line":101,"column":6},"end":{"line":103,"column":7}},"type":"if","locations":[{"start":{"line":101,"column":6},"end":{"line":103,"column":7}}]},"10":{"loc":{"start":{"line":101,"column":10},"end":{"line":101,"column":65}},"type":"binary-expr","locations":[{"start":{"line":101,"column":10},"end":{"line":101,"column":15}},{"start":{"line":101,"column":19},"end":{"line":101,"column":43}},{"start":{"line":101,"column":47},"end":{"line":101,"column":65}}]},"11":{"loc":{"start":{"line":113,"column":6},"end":{"line":115,"column":7}},"type":"if","locations":[{"start":{"line":113,"column":6},"end":{"line":115,"column":7}}]},"12":{"loc":{"start":{"line":126,"column":6},"end":{"line":131,"column":7}},"type":"if","locations":[{"start":{"line":126,"column":6},"end":{"line":131,"column":7}}]},"13":{"loc":{"start":{"line":141,"column":22},"end":{"line":141,"column":61}},"type":"binary-expr","locations":[{"start":{"line":141,"column":22},"end":{"line":141,"column":35}},{"start":{"line":141,"column":39},"end":{"line":141,"column":61}}]},"14":{"loc":{"start":{"line":150,"column":6},"end":{"line":152,"column":7}},"type":"if","locations":[{"start":{"line":150,"column":6},"end":{"line":152,"column":7}}]},"15":{"loc":{"start":{"line":162,"column":6},"end":{"line":164,"column":7}},"type":"if","locations":[{"start":{"line":162,"column":6},"end":{"line":164,"column":7}}]},"16":{"loc":{"start":{"line":173,"column":22},"end":{"line":173,"column":61}},"type":"binary-expr","locations":[{"start":{"line":173,"column":22},"end":{"line":173,"column":35}},{"start":{"line":173,"column":39},"end":{"line":173,"column":61}}]},"17":{"loc":{"start":{"line":192,"column":6},"end":{"line":194,"column":7}},"type":"if","locations":[{"start":{"line":192,"column":6},"end":{"line":194,"column":7}}]},"18":{"loc":{"start":{"line":197,"column":26},"end":{"line":197,"column":42}},"type":"binary-expr","locations":[{"start":{"line":197,"column":26},"end":{"line":197,"column":36}},{"start":{"line":197,"column":40},"end":{"line":197,"column":42}}]},"19":{"loc":{"start":{"line":199,"column":22},"end":{"line":199,"column":67}},"type":"binary-expr","locations":[{"start":{"line":199,"column":22},"end":{"line":199,"column":35}},{"start":{"line":199,"column":39},"end":{"line":199,"column":67}}]},"20":{"loc":{"start":{"line":208,"column":6},"end":{"line":210,"column":7}},"type":"if","locations":[{"start":{"line":208,"column":6},"end":{"line":210,"column":7}}]},"21":{"loc":{"start":{"line":212,"column":6},"end":{"line":214,"column":7}},"type":"if","locations":[{"start":{"line":212,"column":6},"end":{"line":214,"column":7}}]},"22":{"loc":{"start":{"line":223,"column":6},"end":{"line":229,"column":7}},"type":"if","locations":[{"start":{"line":223,"column":6},"end":{"line":229,"column":7}}]},"23":{"loc":{"start":{"line":225,"column":8},"end":{"line":227,"column":9}},"type":"if","locations":[{"start":{"line":225,"column":8},"end":{"line":227,"column":9}}]},"24":{"loc":{"start":{"line":234,"column":22},"end":{"line":234,"column":66}},"type":"binary-expr","locations":[{"start":{"line":234,"column":22},"end":{"line":234,"column":35}},{"start":{"line":234,"column":39},"end":{"line":234,"column":66}}]},"25":{"loc":{"start":{"line":243,"column":6},"end":{"line":245,"column":7}},"type":"if","locations":[{"start":{"line":243,"column":6},"end":{"line":245,"column":7}}]},"26":{"loc":{"start":{"line":243,"column":10},"end":{"line":243,"column":39}},"type":"binary-expr","locations":[{"start":{"line":243,"column":10},"end":{"line":243,"column":16}},{"start":{"line":243,"column":20},"end":{"line":243,"column":39}}]},"27":{"loc":{"start":{"line":247,"column":6},"end":{"line":249,"column":7}},"type":"if","locations":[{"start":{"line":247,"column":6},"end":{"line":249,"column":7}}]},"28":{"loc":{"start":{"line":260,"column":6},"end":{"line":262,"column":7}},"type":"if","locations":[{"start":{"line":260,"column":6},"end":{"line":262,"column":7}}]},"29":{"loc":{"start":{"line":267,"column":22},"end":{"line":267,"column":67}},"type":"binary-expr","locations":[{"start":{"line":267,"column":22},"end":{"line":267,"column":35}},{"start":{"line":267,"column":39},"end":{"line":267,"column":67}}]},"30":{"loc":{"start":{"line":276,"column":6},"end":{"line":278,"column":7}},"type":"if","locations":[{"start":{"line":276,"column":6},"end":{"line":278,"column":7}}]},"31":{"loc":{"start":{"line":280,"column":6},"end":{"line":282,"column":7}},"type":"if","locations":[{"start":{"line":280,"column":6},"end":{"line":282,"column":7}}]},"32":{"loc":{"start":{"line":280,"column":10},"end":{"line":280,"column":39}},"type":"binary-expr","locations":[{"start":{"line":280,"column":10},"end":{"line":280,"column":16}},{"start":{"line":280,"column":20},"end":{"line":280,"column":39}}]},"33":{"loc":{"start":{"line":284,"column":6},"end":{"line":286,"column":7}},"type":"if","locations":[{"start":{"line":284,"column":6},"end":{"line":286,"column":7}}]},"34":{"loc":{"start":{"line":297,"column":6},"end":{"line":303,"column":7}},"type":"if","locations":[{"start":{"line":297,"column":6},"end":{"line":303,"column":7}}]},"35":{"loc":{"start":{"line":299,"column":8},"end":{"line":301,"column":9}},"type":"if","locations":[{"start":{"line":299,"column":8},"end":{"line":301,"column":9}}]},"36":{"loc":{"start":{"line":308,"column":22},"end":{"line":308,"column":67}},"type":"binary-expr","locations":[{"start":{"line":308,"column":22},"end":{"line":308,"column":35}},{"start":{"line":308,"column":39},"end":{"line":308,"column":67}}]},"37":{"loc":{"start":{"line":317,"column":6},"end":{"line":319,"column":7}},"type":"if","locations":[{"start":{"line":317,"column":6},"end":{"line":319,"column":7}}]},"38":{"loc":{"start":{"line":321,"column":6},"end":{"line":323,"column":7}},"type":"if","locations":[{"start":{"line":321,"column":6},"end":{"line":323,"column":7}}]},"39":{"loc":{"start":{"line":333,"column":6},"end":{"line":339,"column":7}},"type":"if","locations":[{"start":{"line":333,"column":6},"end":{"line":339,"column":7}}]},"40":{"loc":{"start":{"line":335,"column":8},"end":{"line":337,"column":9}},"type":"if","locations":[{"start":{"line":335,"column":8},"end":{"line":337,"column":9}}]},"41":{"loc":{"start":{"line":343,"column":22},"end":{"line":343,"column":67}},"type":"binary-expr","locations":[{"start":{"line":343,"column":22},"end":{"line":343,"column":35}},{"start":{"line":343,"column":39},"end":{"line":343,"column":67}}]},"42":{"loc":{"start":{"line":369,"column":6},"end":{"line":371,"column":7}},"type":"if","locations":[{"start":{"line":369,"column":6},"end":{"line":371,"column":7}}]},"43":{"loc":{"start":{"line":375,"column":22},"end":{"line":375,"column":66}},"type":"binary-expr","locations":[{"start":{"line":375,"column":22},"end":{"line":375,"column":35}},{"start":{"line":375,"column":39},"end":{"line":375,"column":66}}]},"44":{"loc":{"start":{"line":401,"column":22},"end":{"line":401,"column":76}},"type":"binary-expr","locations":[{"start":{"line":401,"column":22},"end":{"line":401,"column":35}},{"start":{"line":401,"column":39},"end":{"line":401,"column":76}}]},"45":{"loc":{"start":{"line":411,"column":58},"end":{"line":411,"column":78}},"type":"default-arg","locations":[{"start":{"line":411,"column":74},"end":{"line":411,"column":78}}]},"46":{"loc":{"start":{"line":413,"column":6},"end":{"line":415,"column":7}},"type":"if","locations":[{"start":{"line":413,"column":6},"end":{"line":415,"column":7}}]},"47":{"loc":{"start":{"line":417,"column":6},"end":{"line":419,"column":7}},"type":"if","locations":[{"start":{"line":417,"column":6},"end":{"line":419,"column":7}}]},"48":{"loc":{"start":{"line":424,"column":6},"end":{"line":426,"column":7}},"type":"if","locations":[{"start":{"line":424,"column":6},"end":{"line":426,"column":7}}]},"49":{"loc":{"start":{"line":435,"column":6},"end":{"line":441,"column":7}},"type":"if","locations":[{"start":{"line":435,"column":6},"end":{"line":441,"column":7}}]},"50":{"loc":{"start":{"line":437,"column":8},"end":{"line":439,"column":9}},"type":"if","locations":[{"start":{"line":437,"column":8},"end":{"line":439,"column":9}}]},"51":{"loc":{"start":{"line":444,"column":22},"end":{"line":444,"column":38}},"type":"binary-expr","locations":[{"start":{"line":444,"column":22},"end":{"line":444,"column":32}},{"start":{"line":444,"column":36},"end":{"line":444,"column":38}}]},"52":{"loc":{"start":{"line":446,"column":22},"end":{"line":446,"column":62}},"type":"binary-expr","locations":[{"start":{"line":446,"column":22},"end":{"line":446,"column":35}},{"start":{"line":446,"column":39},"end":{"line":446,"column":62}}]},"53":{"loc":{"start":{"line":455,"column":6},"end":{"line":457,"column":7}},"type":"if","locations":[{"start":{"line":455,"column":6},"end":{"line":457,"column":7}}]},"54":{"loc":{"start":{"line":459,"column":6},"end":{"line":461,"column":7}},"type":"if","locations":[{"start":{"line":459,"column":6},"end":{"line":461,"column":7}}]},"55":{"loc":{"start":{"line":459,"column":10},"end":{"line":459,"column":57}},"type":"binary-expr","locations":[{"start":{"line":459,"column":10},"end":{"line":459,"column":25}},{"start":{"line":459,"column":29},"end":{"line":459,"column":57}}]},"56":{"loc":{"start":{"line":463,"column":6},"end":{"line":465,"column":7}},"type":"if","locations":[{"start":{"line":463,"column":6},"end":{"line":465,"column":7}}]},"57":{"loc":{"start":{"line":480,"column":6},"end":{"line":486,"column":7}},"type":"if","locations":[{"start":{"line":480,"column":6},"end":{"line":486,"column":7}}]},"58":{"loc":{"start":{"line":482,"column":8},"end":{"line":484,"column":9}},"type":"if","locations":[{"start":{"line":482,"column":8},"end":{"line":484,"column":9}}]},"59":{"loc":{"start":{"line":491,"column":22},"end":{"line":491,"column":62}},"type":"binary-expr","locations":[{"start":{"line":491,"column":22},"end":{"line":491,"column":35}},{"start":{"line":491,"column":39},"end":{"line":491,"column":62}}]},"60":{"loc":{"start":{"line":500,"column":6},"end":{"line":502,"column":7}},"type":"if","locations":[{"start":{"line":500,"column":6},"end":{"line":502,"column":7}}]},"61":{"loc":{"start":{"line":504,"column":6},"end":{"line":506,"column":7}},"type":"if","locations":[{"start":{"line":504,"column":6},"end":{"line":506,"column":7}}]},"62":{"loc":{"start":{"line":508,"column":6},"end":{"line":510,"column":7}},"type":"if","locations":[{"start":{"line":508,"column":6},"end":{"line":510,"column":7}}]},"63":{"loc":{"start":{"line":519,"column":6},"end":{"line":525,"column":7}},"type":"if","locations":[{"start":{"line":519,"column":6},"end":{"line":525,"column":7}}]},"64":{"loc":{"start":{"line":521,"column":8},"end":{"line":523,"column":9}},"type":"if","locations":[{"start":{"line":521,"column":8},"end":{"line":523,"column":9}}]},"65":{"loc":{"start":{"line":530,"column":22},"end":{"line":530,"column":61}},"type":"binary-expr","locations":[{"start":{"line":530,"column":22},"end":{"line":530,"column":35}},{"start":{"line":530,"column":39},"end":{"line":530,"column":61}}]},"66":{"loc":{"start":{"line":544,"column":6},"end":{"line":546,"column":7}},"type":"if","locations":[{"start":{"line":544,"column":6},"end":{"line":546,"column":7}}]},"67":{"loc":{"start":{"line":548,"column":6},"end":{"line":550,"column":7}},"type":"if","locations":[{"start":{"line":548,"column":6},"end":{"line":550,"column":7}}]},"68":{"loc":{"start":{"line":552,"column":6},"end":{"line":554,"column":7}},"type":"if","locations":[{"start":{"line":552,"column":6},"end":{"line":554,"column":7}}]},"69":{"loc":{"start":{"line":557,"column":6},"end":{"line":559,"column":7}},"type":"if","locations":[{"start":{"line":557,"column":6},"end":{"line":559,"column":7}}]},"70":{"loc":{"start":{"line":557,"column":10},"end":{"line":557,"column":70}},"type":"binary-expr","locations":[{"start":{"line":557,"column":10},"end":{"line":557,"column":38}},{"start":{"line":557,"column":42},"end":{"line":557,"column":70}}]},"71":{"loc":{"start":{"line":570,"column":6},"end":{"line":576,"column":7}},"type":"if","locations":[{"start":{"line":570,"column":6},"end":{"line":576,"column":7}}]},"72":{"loc":{"start":{"line":572,"column":8},"end":{"line":574,"column":9}},"type":"if","locations":[{"start":{"line":572,"column":8},"end":{"line":574,"column":9}}]},"73":{"loc":{"start":{"line":581,"column":22},"end":{"line":581,"column":62}},"type":"binary-expr","locations":[{"start":{"line":581,"column":22},"end":{"line":581,"column":35}},{"start":{"line":581,"column":39},"end":{"line":581,"column":62}}]},"74":{"loc":{"start":{"line":590,"column":6},"end":{"line":592,"column":7}},"type":"if","locations":[{"start":{"line":590,"column":6},"end":{"line":592,"column":7}}]},"75":{"loc":{"start":{"line":594,"column":6},"end":{"line":596,"column":7}},"type":"if","locations":[{"start":{"line":594,"column":6},"end":{"line":596,"column":7}}]},"76":{"loc":{"start":{"line":598,"column":6},"end":{"line":600,"column":7}},"type":"if","locations":[{"start":{"line":598,"column":6},"end":{"line":600,"column":7}}]},"77":{"loc":{"start":{"line":610,"column":6},"end":{"line":616,"column":7}},"type":"if","locations":[{"start":{"line":610,"column":6},"end":{"line":616,"column":7}}]},"78":{"loc":{"start":{"line":612,"column":8},"end":{"line":614,"column":9}},"type":"if","locations":[{"start":{"line":612,"column":8},"end":{"line":614,"column":9}}]},"79":{"loc":{"start":{"line":620,"column":22},"end":{"line":620,"column":62}},"type":"binary-expr","locations":[{"start":{"line":620,"column":22},"end":{"line":620,"column":35}},{"start":{"line":620,"column":39},"end":{"line":620,"column":62}}]},"80":{"loc":{"start":{"line":629,"column":6},"end":{"line":631,"column":7}},"type":"if","locations":[{"start":{"line":629,"column":6},"end":{"line":631,"column":7}}]},"81":{"loc":{"start":{"line":633,"column":6},"end":{"line":635,"column":7}},"type":"if","locations":[{"start":{"line":633,"column":6},"end":{"line":635,"column":7}}]},"82":{"loc":{"start":{"line":637,"column":6},"end":{"line":639,"column":7}},"type":"if","locations":[{"start":{"line":637,"column":6},"end":{"line":639,"column":7}}]},"83":{"loc":{"start":{"line":645,"column":6},"end":{"line":647,"column":7}},"type":"if","locations":[{"start":{"line":645,"column":6},"end":{"line":647,"column":7}}]},"84":{"loc":{"start":{"line":649,"column":6},"end":{"line":651,"column":7}},"type":"if","locations":[{"start":{"line":649,"column":6},"end":{"line":651,"column":7}}]},"85":{"loc":{"start":{"line":655,"column":6},"end":{"line":657,"column":7}},"type":"if","locations":[{"start":{"line":655,"column":6},"end":{"line":657,"column":7}}]},"86":{"loc":{"start":{"line":667,"column":6},"end":{"line":673,"column":7}},"type":"if","locations":[{"start":{"line":667,"column":6},"end":{"line":673,"column":7}}]},"87":{"loc":{"start":{"line":669,"column":8},"end":{"line":671,"column":9}},"type":"if","locations":[{"start":{"line":669,"column":8},"end":{"line":671,"column":9}}]},"88":{"loc":{"start":{"line":678,"column":22},"end":{"line":678,"column":60}},"type":"binary-expr","locations":[{"start":{"line":678,"column":22},"end":{"line":678,"column":35}},{"start":{"line":678,"column":39},"end":{"line":678,"column":60}}]},"89":{"loc":{"start":{"line":698,"column":22},"end":{"line":698,"column":67}},"type":"binary-expr","locations":[{"start":{"line":698,"column":22},"end":{"line":698,"column":35}},{"start":{"line":698,"column":39},"end":{"line":698,"column":67}}]},"90":{"loc":{"start":{"line":710,"column":6},"end":{"line":712,"column":7}},"type":"if","locations":[{"start":{"line":710,"column":6},"end":{"line":712,"column":7}}]},"91":{"loc":{"start":{"line":727,"column":6},"end":{"line":737,"column":7}},"type":"if","locations":[{"start":{"line":727,"column":6},"end":{"line":737,"column":7}}]},"92":{"loc":{"start":{"line":741,"column":22},"end":{"line":741,"column":73}},"type":"binary-expr","locations":[{"start":{"line":741,"column":22},"end":{"line":741,"column":35}},{"start":{"line":741,"column":39},"end":{"line":741,"column":73}}]},"93":{"loc":{"start":{"line":757,"column":6},"end":{"line":759,"column":7}},"type":"if","locations":[{"start":{"line":757,"column":6},"end":{"line":759,"column":7}}]},"94":{"loc":{"start":{"line":772,"column":8},"end":{"line":788,"column":9}},"type":"if","locations":[{"start":{"line":772,"column":8},"end":{"line":788,"column":9}},{"start":{"line":780,"column":15},"end":{"line":788,"column":9}}]},"95":{"loc":{"start":{"line":777,"column":26},"end":{"line":777,"column":49}},"type":"binary-expr","locations":[{"start":{"line":777,"column":26},"end":{"line":777,"column":41}},{"start":{"line":777,"column":45},"end":{"line":777,"column":49}}]},"96":{"loc":{"start":{"line":785,"column":26},"end":{"line":785,"column":97}},"type":"cond-expr","locations":[{"start":{"line":785,"column":58},"end":{"line":785,"column":73}},{"start":{"line":785,"column":76},"end":{"line":785,"column":97}}]},"97":{"loc":{"start":{"line":791,"column":8},"end":{"line":813,"column":9}},"type":"if","locations":[{"start":{"line":791,"column":8},"end":{"line":813,"column":9}}]},"98":{"loc":{"start":{"line":803,"column":10},"end":{"line":812,"column":11}},"type":"if","locations":[{"start":{"line":803,"column":10},"end":{"line":812,"column":11}}]},"99":{"loc":{"start":{"line":828,"column":6},"end":{"line":830,"column":7}},"type":"if","locations":[{"start":{"line":828,"column":6},"end":{"line":830,"column":7}}]},"100":{"loc":{"start":{"line":831,"column":22},"end":{"line":831,"column":74}},"type":"binary-expr","locations":[{"start":{"line":831,"column":22},"end":{"line":831,"column":35}},{"start":{"line":831,"column":39},"end":{"line":831,"column":74}}]},"101":{"loc":{"start":{"line":840,"column":6},"end":{"line":842,"column":7}},"type":"if","locations":[{"start":{"line":840,"column":6},"end":{"line":842,"column":7}}]},"102":{"loc":{"start":{"line":852,"column":6},"end":{"line":854,"column":7}},"type":"if","locations":[{"start":{"line":852,"column":6},"end":{"line":854,"column":7}}]},"103":{"loc":{"start":{"line":863,"column":22},"end":{"line":863,"column":74}},"type":"binary-expr","locations":[{"start":{"line":863,"column":22},"end":{"line":863,"column":35}},{"start":{"line":863,"column":39},"end":{"line":863,"column":74}}]},"104":{"loc":{"start":{"line":875,"column":6},"end":{"line":877,"column":7}},"type":"if","locations":[{"start":{"line":875,"column":6},"end":{"line":877,"column":7}}]},"105":{"loc":{"start":{"line":880,"column":6},"end":{"line":882,"column":7}},"type":"if","locations":[{"start":{"line":880,"column":6},"end":{"line":882,"column":7}}]},"106":{"loc":{"start":{"line":893,"column":6},"end":{"line":904,"column":7}},"type":"if","locations":[{"start":{"line":893,"column":6},"end":{"line":904,"column":7}}]},"107":{"loc":{"start":{"line":908,"column":22},"end":{"line":908,"column":68}},"type":"binary-expr","locations":[{"start":{"line":908,"column":22},"end":{"line":908,"column":35}},{"start":{"line":908,"column":39},"end":{"line":908,"column":68}}]},"108":{"loc":{"start":{"line":917,"column":6},"end":{"line":919,"column":7}},"type":"if","locations":[{"start":{"line":917,"column":6},"end":{"line":919,"column":7}}]},"109":{"loc":{"start":{"line":922,"column":6},"end":{"line":924,"column":7}},"type":"if","locations":[{"start":{"line":922,"column":6},"end":{"line":924,"column":7}}]},"110":{"loc":{"start":{"line":935,"column":6},"end":{"line":946,"column":7}},"type":"if","locations":[{"start":{"line":935,"column":6},"end":{"line":946,"column":7}}]},"111":{"loc":{"start":{"line":950,"column":22},"end":{"line":950,"column":69}},"type":"binary-expr","locations":[{"start":{"line":950,"column":22},"end":{"line":950,"column":35}},{"start":{"line":950,"column":39},"end":{"line":950,"column":69}}]},"112":{"loc":{"start":{"line":959,"column":6},"end":{"line":961,"column":7}},"type":"if","locations":[{"start":{"line":959,"column":6},"end":{"line":961,"column":7}}]},"113":{"loc":{"start":{"line":964,"column":6},"end":{"line":966,"column":7}},"type":"if","locations":[{"start":{"line":964,"column":6},"end":{"line":966,"column":7}}]},"114":{"loc":{"start":{"line":977,"column":6},"end":{"line":988,"column":7}},"type":"if","locations":[{"start":{"line":977,"column":6},"end":{"line":988,"column":7}}]},"115":{"loc":{"start":{"line":992,"column":22},"end":{"line":992,"column":70}},"type":"binary-expr","locations":[{"start":{"line":992,"column":22},"end":{"line":992,"column":35}},{"start":{"line":992,"column":39},"end":{"line":992,"column":70}}]},"116":{"loc":{"start":{"line":1001,"column":6},"end":{"line":1003,"column":7}},"type":"if","locations":[{"start":{"line":1001,"column":6},"end":{"line":1003,"column":7}}]},"117":{"loc":{"start":{"line":1006,"column":6},"end":{"line":1008,"column":7}},"type":"if","locations":[{"start":{"line":1006,"column":6},"end":{"line":1008,"column":7}}]},"118":{"loc":{"start":{"line":1019,"column":6},"end":{"line":1030,"column":7}},"type":"if","locations":[{"start":{"line":1019,"column":6},"end":{"line":1030,"column":7}}]},"119":{"loc":{"start":{"line":1034,"column":22},"end":{"line":1034,"column":69}},"type":"binary-expr","locations":[{"start":{"line":1034,"column":22},"end":{"line":1034,"column":35}},{"start":{"line":1034,"column":39},"end":{"line":1034,"column":69}}]},"120":{"loc":{"start":{"line":1053,"column":22},"end":{"line":1053,"column":63}},"type":"binary-expr","locations":[{"start":{"line":1053,"column":22},"end":{"line":1053,"column":35}},{"start":{"line":1053,"column":39},"end":{"line":1053,"column":63}}]},"121":{"loc":{"start":{"line":1065,"column":6},"end":{"line":1067,"column":7}},"type":"if","locations":[{"start":{"line":1065,"column":6},"end":{"line":1067,"column":7}}]},"122":{"loc":{"start":{"line":1085,"column":22},"end":{"line":1085,"column":75}},"type":"binary-expr","locations":[{"start":{"line":1085,"column":22},"end":{"line":1085,"column":35}},{"start":{"line":1085,"column":39},"end":{"line":1085,"column":75}}]},"123":{"loc":{"start":{"line":1095,"column":6},"end":{"line":1097,"column":7}},"type":"if","locations":[{"start":{"line":1095,"column":6},"end":{"line":1097,"column":7}}]},"124":{"loc":{"start":{"line":1100,"column":6},"end":{"line":1102,"column":7}},"type":"if","locations":[{"start":{"line":1100,"column":6},"end":{"line":1102,"column":7}}]},"125":{"loc":{"start":{"line":1100,"column":11},"end":{"line":1100,"column":31}},"type":"cond-expr","locations":[{"start":{"line":1100,"column":27},"end":{"line":1100,"column":29}},{"start":{"line":1100,"column":27},"end":{"line":1100,"column":31}}]},"126":{"loc":{"start":{"line":1100,"column":11},"end":{"line":1100,"column":29}},"type":"binary-expr","locations":[{"start":{"line":1100,"column":11},"end":{"line":1100,"column":29}},{"start":{"line":1100,"column":27},"end":{"line":1100,"column":29}}]},"127":{"loc":{"start":{"line":1104,"column":6},"end":{"line":1106,"column":7}},"type":"if","locations":[{"start":{"line":1104,"column":6},"end":{"line":1106,"column":7}}]},"128":{"loc":{"start":{"line":1115,"column":22},"end":{"line":1115,"column":65}},"type":"binary-expr","locations":[{"start":{"line":1115,"column":22},"end":{"line":1115,"column":35}},{"start":{"line":1115,"column":39},"end":{"line":1115,"column":65}}]},"129":{"loc":{"start":{"line":1125,"column":6},"end":{"line":1127,"column":7}},"type":"if","locations":[{"start":{"line":1125,"column":6},"end":{"line":1127,"column":7}}]},"130":{"loc":{"start":{"line":1129,"column":21},"end":{"line":1129,"column":41}},"type":"cond-expr","locations":[{"start":{"line":1129,"column":37},"end":{"line":1129,"column":39}},{"start":{"line":1129,"column":37},"end":{"line":1129,"column":41}}]},"131":{"loc":{"start":{"line":1129,"column":21},"end":{"line":1129,"column":39}},"type":"binary-expr","locations":[{"start":{"line":1129,"column":21},"end":{"line":1129,"column":39}},{"start":{"line":1129,"column":37},"end":{"line":1129,"column":39}}]},"132":{"loc":{"start":{"line":1132,"column":6},"end":{"line":1134,"column":7}},"type":"if","locations":[{"start":{"line":1132,"column":6},"end":{"line":1134,"column":7}}]},"133":{"loc":{"start":{"line":1137,"column":6},"end":{"line":1139,"column":7}},"type":"if","locations":[{"start":{"line":1137,"column":6},"end":{"line":1139,"column":7}}]},"134":{"loc":{"start":{"line":1142,"column":6},"end":{"line":1145,"column":7}},"type":"if","locations":[{"start":{"line":1142,"column":6},"end":{"line":1145,"column":7}}]},"135":{"loc":{"start":{"line":1142,"column":10},"end":{"line":1142,"column":67}},"type":"binary-expr","locations":[{"start":{"line":1142,"column":10},"end":{"line":1142,"column":40}},{"start":{"line":1142,"column":44},"end":{"line":1142,"column":67}}]},"136":{"loc":{"start":{"line":1147,"column":6},"end":{"line":1150,"column":7}},"type":"if","locations":[{"start":{"line":1147,"column":6},"end":{"line":1150,"column":7}}]},"137":{"loc":{"start":{"line":1147,"column":10},"end":{"line":1147,"column":70}},"type":"binary-expr","locations":[{"start":{"line":1147,"column":10},"end":{"line":1147,"column":40}},{"start":{"line":1147,"column":44},"end":{"line":1147,"column":70}}]},"138":{"loc":{"start":{"line":1153,"column":6},"end":{"line":1163,"column":7}},"type":"if","locations":[{"start":{"line":1153,"column":6},"end":{"line":1163,"column":7}}]},"139":{"loc":{"start":{"line":1157,"column":8},"end":{"line":1160,"column":9}},"type":"if","locations":[{"start":{"line":1157,"column":8},"end":{"line":1160,"column":9}}]},"140":{"loc":{"start":{"line":1168,"column":22},"end":{"line":1168,"column":69}},"type":"binary-expr","locations":[{"start":{"line":1168,"column":22},"end":{"line":1168,"column":35}},{"start":{"line":1168,"column":39},"end":{"line":1168,"column":69}}]}},"s":{"0":30,"1":30,"2":3,"3":3,"4":2,"5":1,"6":4,"7":4,"8":1,"9":3,"10":3,"11":1,"12":2,"13":1,"14":1,"15":5,"16":5,"17":1,"18":4,"19":3,"20":2,"21":1,"22":1,"23":6,"24":6,"25":1,"26":5,"27":1,"28":4,"29":4,"30":1,"31":3,"32":3,"33":1,"34":2,"35":1,"36":1,"37":4,"38":4,"39":1,"40":3,"41":3,"42":1,"43":2,"44":1,"45":1,"46":30,"47":4,"48":4,"49":3,"50":2,"51":1,"52":1,"53":3,"54":6,"55":6,"56":1,"57":5,"58":1,"59":4,"60":3,"61":2,"62":1,"63":1,"64":1,"65":1,"66":2,"67":5,"68":5,"69":1,"70":4,"71":1,"72":3,"73":2,"74":1,"75":1,"76":1,"77":2,"78":7,"79":7,"80":1,"81":6,"82":1,"83":5,"84":1,"85":4,"86":3,"87":2,"88":1,"89":1,"90":1,"91":1,"92":2,"93":6,"94":6,"95":1,"96":5,"97":1,"98":4,"99":3,"100":2,"101":1,"102":1,"103":1,"104":2,"105":30,"106":3,"107":3,"108":2,"109":1,"110":1,"111":1,"112":2,"113":2,"114":1,"115":1,"116":30,"117":8,"118":8,"119":1,"120":7,"121":1,"122":6,"123":6,"124":1,"125":6,"126":5,"127":2,"128":1,"129":1,"130":3,"131":3,"132":2,"133":7,"134":7,"135":1,"136":6,"137":1,"138":5,"139":1,"140":4,"141":3,"142":1,"143":1,"144":0,"145":2,"146":2,"147":1,"148":6,"149":6,"150":1,"151":5,"152":1,"153":4,"154":1,"155":3,"156":2,"157":1,"158":1,"159":0,"160":1,"161":1,"162":1,"163":16,"164":16,"165":2,"166":14,"167":2,"168":12,"169":2,"170":10,"171":1,"172":9,"173":7,"174":2,"175":2,"176":0,"177":5,"178":5,"179":2,"180":6,"181":6,"182":1,"183":5,"184":1,"185":4,"186":1,"187":3,"188":2,"189":1,"190":1,"191":0,"192":1,"193":1,"194":8,"195":8,"196":1,"197":7,"198":1,"199":6,"200":1,"201":5,"202":5,"203":5,"204":2,"205":5,"206":4,"207":5,"208":5,"209":5,"210":5,"211":4,"212":1,"213":1,"214":0,"215":3,"216":3,"217":1,"218":30,"219":1,"220":1,"221":1,"222":0,"223":30,"224":4,"225":4,"226":1,"227":3,"228":2,"229":1,"230":1,"231":1,"232":5,"233":5,"234":1,"235":4,"236":4,"237":2,"238":1,"239":1,"240":2,"241":2,"242":2,"243":2,"244":2,"245":2,"246":2,"247":2,"248":1,"249":1,"250":4,"251":4,"252":1,"253":3,"254":3,"255":1,"256":2,"257":1,"258":1,"259":30,"260":0,"261":0,"262":0,"263":0,"264":0,"265":0,"266":0,"267":0,"268":0,"269":0,"270":0,"271":0,"272":0,"273":0,"274":0,"275":0,"276":0,"277":0,"278":0,"279":0,"280":0,"281":0,"282":0,"283":0,"284":0,"285":0,"286":0,"287":0,"288":0,"289":0,"290":0,"291":0,"292":0,"293":0,"294":0,"295":0,"296":0,"297":0,"298":0,"299":0,"300":0,"301":0,"302":0,"303":30,"304":2,"305":2,"306":1,"307":1,"308":1,"309":0,"310":4,"311":4,"312":1,"313":3,"314":1,"315":2,"316":1,"317":1,"318":0,"319":10,"320":10,"321":2,"322":8,"323":8,"324":1,"325":7,"326":1,"327":6,"328":1,"329":5,"330":1,"331":4,"332":3,"333":3,"334":3,"335":1,"336":2,"337":1,"338":0},"f":{"0":3,"1":4,"2":5,"3":6,"4":4,"5":4,"6":6,"7":5,"8":7,"9":6,"10":3,"11":2,"12":8,"13":7,"14":6,"15":16,"16":6,"17":8,"18":1,"19":4,"20":5,"21":2,"22":2,"23":4,"24":0,"25":0,"26":0,"27":0,"28":0,"29":2,"30":4,"31":10},"b":{"0":[1,0],"1":[1],"2":[4,3],"3":[1],"4":[1,0],"5":[1],"6":[2],"7":[1,0],"8":[1],"9":[1],"10":[5,4,4],"11":[1],"12":[1],"13":[1,0],"14":[1],"15":[1],"16":[1,0],"17":[2],"18":[1,0],"19":[3,0],"20":[1],"21":[1],"22":[2],"23":[1],"24":[2,0],"25":[1],"26":[5,4],"27":[1],"28":[1],"29":[2,0],"30":[1],"31":[1],"32":[6,5],"33":[1],"34":[2],"35":[1],"36":[2,0],"37":[1],"38":[1],"39":[2],"40":[1],"41":[2,0],"42":[1],"43":[1,0],"44":[1,0],"45":[7],"46":[1],"47":[1],"48":[1],"49":[2],"50":[1],"51":[3,0],"52":[2,0],"53":[1],"54":[1],"55":[6,5],"56":[1],"57":[1],"58":[1],"59":[1,0],"60":[1],"61":[1],"62":[1],"63":[1],"64":[1],"65":[1,0],"66":[2],"67":[2],"68":[2],"69":[1],"70":[10,4],"71":[2],"72":[2],"73":[2,0],"74":[1],"75":[1],"76":[1],"77":[1],"78":[1],"79":[1,0],"80":[1],"81":[1],"82":[1],"83":[2],"84":[4],"85":[5],"86":[1],"87":[1],"88":[1,0],"89":[0,0],"90":[1],"91":[1],"92":[1,0],"93":[1],"94":[1,1],"95":[1,0],"96":[1,0],"97":[2],"98":[2],"99":[1],"100":[1,0],"101":[1],"102":[1],"103":[1,0],"104":[0],"105":[0],"106":[0],"107":[0,0],"108":[0],"109":[0],"110":[0],"111":[0,0],"112":[0],"113":[0],"114":[0],"115":[0,0],"116":[0],"117":[0],"118":[0],"119":[0,0],"120":[0,0],"121":[1],"122":[0,0],"123":[1],"124":[1],"125":[0,3],"126":[3,3],"127":[1],"128":[0,0],"129":[2],"130":[0,8],"131":[8,8],"132":[1],"133":[1],"134":[1],"135":[6,1],"136":[1],"137":[5,2],"138":[3],"139":[1],"140":[0,0]}}
,"/Users/outsource/Documents/001_wOC/google-todo-app/tests/utils/auth.ts": {"path":"/Users/outsource/Documents/001_wOC/google-todo-app/tests/utils/auth.ts","statementMap":{"0":{"start":{"line":6,"column":0},"end":{"line":6,"column":16}},"1":{"start":{"line":21,"column":0},"end":{"line":21,"column":16}},"2":{"start":{"line":36,"column":0},"end":{"line":36,"column":16}},"3":{"start":{"line":43,"column":0},"end":{"line":43,"column":16}},"4":{"start":{"line":58,"column":0},"end":{"line":58,"column":16}},"5":{"start":{"line":73,"column":0},"end":{"line":73,"column":16}},"6":{"start":{"line":1,"column":0},"end":{"line":1,"column":45}},"7":{"start":{"line":7,"column":3},"end":{"line":15,"column":6}},"8":{"start":{"line":7,"column":60},"end":{"line":15,"column":4}},"9":{"start":{"line":22,"column":3},"end":{"line":30,"column":6}},"10":{"start":{"line":22,"column":60},"end":{"line":30,"column":4}},"11":{"start":{"line":37,"column":3},"end":{"line":37,"column":65}},"12":{"start":{"line":37,"column":59},"end":{"line":37,"column":63}},"13":{"start":{"line":44,"column":3},"end":{"line":52,"column":6}},"14":{"start":{"line":44,"column":60},"end":{"line":52,"column":4}},"15":{"start":{"line":59,"column":3},"end":{"line":67,"column":6}},"16":{"start":{"line":59,"column":60},"end":{"line":67,"column":4}},"17":{"start":{"line":74,"column":3},"end":{"line":82,"column":6}},"18":{"start":{"line":74,"column":60},"end":{"line":82,"column":4}}},"fnMap":{"0":{"name":"mockAuthenticatedUser","decl":{"start":{"line":6,"column":16},"end":{"line":6,"column":37}},"loc":{"start":{"line":6,"column":61},"end":{"line":16,"column":1}}},"1":{"name":"(anonymous_1)","decl":{"start":{"line":7,"column":53},"end":{"line":7,"column":56}},"loc":{"start":{"line":7,"column":60},"end":{"line":15,"column":4}}},"2":{"name":"mockAuthenticatedUserWithToken","decl":{"start":{"line":21,"column":16},"end":{"line":21,"column":46}},"loc":{"start":{"line":21,"column":105},"end":{"line":31,"column":1}}},"3":{"name":"(anonymous_3)","decl":{"start":{"line":22,"column":53},"end":{"line":22,"column":56}},"loc":{"start":{"line":22,"column":60},"end":{"line":30,"column":4}}},"4":{"name":"mockUnauthenticatedUser","decl":{"start":{"line":36,"column":16},"end":{"line":36,"column":39}},"loc":{"start":{"line":36,"column":39},"end":{"line":38,"column":1}}},"5":{"name":"(anonymous_5)","decl":{"start":{"line":37,"column":53},"end":{"line":37,"column":56}},"loc":{"start":{"line":37,"column":59},"end":{"line":37,"column":63}}},"6":{"name":"mockMissingAccessToken","decl":{"start":{"line":43,"column":16},"end":{"line":43,"column":38}},"loc":{"start":{"line":43,"column":38},"end":{"line":53,"column":1}}},"7":{"name":"(anonymous_7)","decl":{"start":{"line":44,"column":53},"end":{"line":44,"column":56}},"loc":{"start":{"line":44,"column":60},"end":{"line":52,"column":4}}},"8":{"name":"mockUserNotAgreedToTerms","decl":{"start":{"line":58,"column":16},"end":{"line":58,"column":40}},"loc":{"start":{"line":58,"column":40},"end":{"line":68,"column":1}}},"9":{"name":"(anonymous_9)","decl":{"start":{"line":59,"column":53},"end":{"line":59,"column":56}},"loc":{"start":{"line":59,"column":60},"end":{"line":67,"column":4}}},"10":{"name":"mockUserAgreedToTerms","decl":{"start":{"line":73,"column":16},"end":{"line":73,"column":37}},"loc":{"start":{"line":73,"column":37},"end":{"line":83,"column":1}}},"11":{"name":"(anonymous_11)","decl":{"start":{"line":74,"column":53},"end":{"line":74,"column":56}},"loc":{"start":{"line":74,"column":60},"end":{"line":82,"column":4}}}},"branchMap":{"0":{"loc":{"start":{"line":6,"column":38},"end":{"line":6,"column":61}},"type":"default-arg","locations":[{"start":{"line":6,"column":47},"end":{"line":6,"column":61}}]},"1":{"loc":{"start":{"line":21,"column":47},"end":{"line":21,"column":70}},"type":"default-arg","locations":[{"start":{"line":21,"column":56},"end":{"line":21,"column":70}}]},"2":{"loc":{"start":{"line":21,"column":72},"end":{"line":21,"column":105}},"type":"default-arg","locations":[{"start":{"line":21,"column":86},"end":{"line":21,"column":105}}]}},"s":{"0":29,"1":29,"2":29,"3":29,"4":29,"5":29,"6":29,"7":57,"8":1,"9":74,"10":0,"11":5,"12":1,"13":2,"14":1,"15":0,"16":0,"17":0,"18":0},"f":{"0":57,"1":1,"2":74,"3":0,"4":5,"5":1,"6":2,"7":1,"8":0,"9":0,"10":0,"11":0},"b":{"0":[2],"1":[0],"2":[0]}}
}
