TN:
SF:tests/utils/api-test-utils.ts
FN:16,(anonymous_0)
FN:32,(anonymous_1)
FN:68,(anonymous_2)
FN:95,(anonymous_3)
FN:148,(anonymous_4)
FN:183,(anonymous_5)
FN:206,(anonymous_6)
FN:241,(anonymous_7)
FN:274,(anonymous_8)
FN:315,(anonymous_9)
FN:353,(anonymous_10)
FN:382,(anonymous_11)
FN:411,(anonymous_12)
FN:453,(anonymous_13)
FN:498,(anonymous_14)
FN:537,(anonymous_15)
FN:588,(anonymous_16)
FN:627,(anonymous_17)
FN:688,(anonymous_18)
FN:708,(anonymous_19)
FN:748,(anonymous_20)
FN:770,(anonymous_21)
FN:808,(anonymous_22)
FN:838,(anonymous_23)
FN:873,(anonymous_24)
FN:915,(anonymous_25)
FN:957,(anonymous_26)
FN:999,(anonymous_27)
FN:1041,(anonymous_28)
FN:1063,(anonymous_29)
FN:1092,(anonymous_30)
FN:1122,(anonymous_31)
FNF:32
FNH:27
FNDA:3,(anonymous_0)
FNDA:4,(anonymous_1)
FNDA:5,(anonymous_2)
FNDA:6,(anonymous_3)
FNDA:4,(anonymous_4)
FNDA:4,(anonymous_5)
FNDA:6,(anonymous_6)
FNDA:5,(anonymous_7)
FNDA:7,(anonymous_8)
FNDA:6,(anonymous_9)
FNDA:3,(anonymous_10)
FNDA:2,(anonymous_11)
FNDA:8,(anonymous_12)
FNDA:7,(anonymous_13)
FNDA:6,(anonymous_14)
FNDA:16,(anonymous_15)
FNDA:6,(anonymous_16)
FNDA:8,(anonymous_17)
FNDA:1,(anonymous_18)
FNDA:4,(anonymous_19)
FNDA:5,(anonymous_20)
FNDA:2,(anonymous_21)
FNDA:2,(anonymous_22)
FNDA:4,(anonymous_23)
FNDA:0,(anonymous_24)
FNDA:0,(anonymous_25)
FNDA:0,(anonymous_26)
FNDA:0,(anonymous_27)
FNDA:0,(anonymous_28)
FNDA:2,(anonymous_29)
FNDA:4,(anonymous_30)
FNDA:10,(anonymous_31)
DA:2,30
DA:12,30
DA:17,3
DA:18,3
DA:23,2
DA:25,1
DA:33,4
DA:35,4
DA:36,1
DA:40,3
DA:47,3
DA:48,1
DA:52,2
DA:59,1
DA:61,1
DA:69,5
DA:70,5
DA:71,1
DA:75,4
DA:82,3
DA:83,2
DA:86,1
DA:88,1
DA:96,6
DA:97,6
DA:98,1
DA:101,5
DA:102,1
DA:106,4
DA:113,4
DA:114,1
DA:118,3
DA:126,3
DA:127,1
DA:134,2
DA:139,1
DA:141,1
DA:149,4
DA:150,4
DA:151,1
DA:155,3
DA:162,3
DA:163,1
DA:167,2
DA:171,1
DA:173,1
DA:179,30
DA:184,4
DA:185,4
DA:192,3
DA:193,2
DA:196,1
DA:197,1
DA:199,3
DA:207,6
DA:208,6
DA:209,1
DA:212,5
DA:213,1
DA:216,4
DA:223,3
DA:225,2
DA:226,1
DA:228,1
DA:231,1
DA:232,1
DA:234,2
DA:242,5
DA:243,5
DA:244,1
DA:247,4
DA:248,1
DA:251,3
DA:260,2
DA:261,1
DA:264,1
DA:265,1
DA:267,2
DA:275,7
DA:276,7
DA:277,1
DA:280,6
DA:281,1
DA:284,5
DA:285,1
DA:288,4
DA:297,3
DA:299,2
DA:300,1
DA:302,1
DA:305,1
DA:306,1
DA:308,2
DA:316,6
DA:317,6
DA:318,1
DA:321,5
DA:322,1
DA:325,4
DA:333,3
DA:335,2
DA:336,1
DA:338,1
DA:341,1
DA:343,2
DA:349,30
DA:354,3
DA:355,3
DA:369,2
DA:370,1
DA:373,1
DA:375,1
DA:383,2
DA:384,2
DA:394,1
DA:401,1
DA:407,30
DA:412,8
DA:413,8
DA:414,1
DA:417,7
DA:418,1
DA:421,6
DA:424,6
DA:425,1
DA:428,6
DA:435,5
DA:437,2
DA:438,1
DA:440,1
DA:443,3
DA:444,3
DA:446,2
DA:454,7
DA:455,7
DA:456,1
DA:459,6
DA:460,1
DA:463,5
DA:464,1
DA:467,4
DA:480,3
DA:482,1
DA:483,1
DA:485,0
DA:488,2
DA:489,2
DA:491,1
DA:499,6
DA:500,6
DA:501,1
DA:504,5
DA:505,1
DA:508,4
DA:509,1
DA:512,3
DA:519,2
DA:521,1
DA:522,1
DA:524,0
DA:527,1
DA:528,1
DA:530,1
DA:543,16
DA:544,16
DA:545,2
DA:548,14
DA:549,2
DA:552,12
DA:553,2
DA:557,10
DA:558,1
DA:561,9
DA:570,7
DA:572,2
DA:573,2
DA:575,0
DA:578,5
DA:579,5
DA:581,2
DA:589,6
DA:590,6
DA:591,1
DA:594,5
DA:595,1
DA:598,4
DA:599,1
DA:602,3
DA:610,2
DA:612,1
DA:613,1
DA:615,0
DA:618,1
DA:620,1
DA:628,8
DA:629,8
DA:630,1
DA:633,7
DA:634,1
DA:637,6
DA:638,1
DA:642,5
DA:643,5
DA:645,5
DA:646,2
DA:649,5
DA:650,4
DA:654,5
DA:655,5
DA:656,5
DA:659,5
DA:667,4
DA:669,1
DA:670,1
DA:672,0
DA:675,3
DA:676,3
DA:678,1
DA:684,30
DA:689,1
DA:690,1
DA:696,1
DA:698,0
DA:704,30
DA:709,4
DA:710,4
DA:711,1
DA:715,3
DA:727,2
DA:728,1
DA:739,1
DA:741,1
DA:756,5
DA:757,5
DA:758,1
DA:762,4
DA:770,4
DA:772,2
DA:773,1
DA:782,1
DA:791,2
DA:793,2
DA:803,2
DA:804,2
DA:808,2
DA:816,2
DA:825,2
DA:828,2
DA:829,1
DA:831,1
DA:839,4
DA:840,4
DA:841,1
DA:845,3
DA:852,3
DA:853,1
DA:857,2
DA:861,1
DA:863,1
DA:869,30
DA:874,0
DA:875,0
DA:876,0
DA:880,0
DA:881,0
DA:885,0
DA:893,0
DA:894,0
DA:906,0
DA:908,0
DA:916,0
DA:917,0
DA:918,0
DA:922,0
DA:923,0
DA:927,0
DA:935,0
DA:936,0
DA:948,0
DA:950,0
DA:958,0
DA:959,0
DA:960,0
DA:964,0
DA:965,0
DA:969,0
DA:977,0
DA:978,0
DA:990,0
DA:992,0
DA:1000,0
DA:1001,0
DA:1002,0
DA:1006,0
DA:1007,0
DA:1011,0
DA:1019,0
DA:1020,0
DA:1032,0
DA:1034,0
DA:1042,0
DA:1047,0
DA:1053,0
DA:1059,30
DA:1064,2
DA:1065,2
DA:1066,1
DA:1071,1
DA:1079,1
DA:1085,0
DA:1093,4
DA:1095,4
DA:1096,1
DA:1100,3
DA:1101,1
DA:1104,2
DA:1105,1
DA:1109,1
DA:1115,0
DA:1123,10
DA:1125,10
DA:1126,2
DA:1129,8
DA:1132,8
DA:1133,1
DA:1137,7
DA:1138,1
DA:1142,6
DA:1144,1
DA:1147,5
DA:1149,1
DA:1153,4
DA:1154,3
DA:1155,3
DA:1157,3
DA:1159,1
DA:1162,2
DA:1166,1
DA:1168,0
LF:339
LH:287
BRDA:25,0,0,1
BRDA:25,0,1,0
BRDA:35,1,0,1
BRDA:35,2,0,4
BRDA:35,2,1,3
BRDA:47,3,0,1
BRDA:61,4,0,1
BRDA:61,4,1,0
BRDA:70,5,0,1
BRDA:82,6,0,2
BRDA:88,7,0,1
BRDA:88,7,1,0
BRDA:97,8,0,1
BRDA:101,9,0,1
BRDA:101,10,0,5
BRDA:101,10,1,4
BRDA:101,10,2,4
BRDA:113,11,0,1
BRDA:126,12,0,1
BRDA:141,13,0,1
BRDA:141,13,1,0
BRDA:150,14,0,1
BRDA:162,15,0,1
BRDA:173,16,0,1
BRDA:173,16,1,0
BRDA:192,17,0,2
BRDA:197,18,0,1
BRDA:197,18,1,0
BRDA:199,19,0,3
BRDA:199,19,1,0
BRDA:208,20,0,1
BRDA:212,21,0,1
BRDA:223,22,0,2
BRDA:225,23,0,1
BRDA:234,24,0,2
BRDA:234,24,1,0
BRDA:243,25,0,1
BRDA:243,26,0,5
BRDA:243,26,1,4
BRDA:247,27,0,1
BRDA:260,28,0,1
BRDA:267,29,0,2
BRDA:267,29,1,0
BRDA:276,30,0,1
BRDA:280,31,0,1
BRDA:280,32,0,6
BRDA:280,32,1,5
BRDA:284,33,0,1
BRDA:297,34,0,2
BRDA:299,35,0,1
BRDA:308,36,0,2
BRDA:308,36,1,0
BRDA:317,37,0,1
BRDA:321,38,0,1
BRDA:333,39,0,2
BRDA:335,40,0,1
BRDA:343,41,0,2
BRDA:343,41,1,0
BRDA:369,42,0,1
BRDA:375,43,0,1
BRDA:375,43,1,0
BRDA:401,44,0,1
BRDA:401,44,1,0
BRDA:411,45,0,7
BRDA:413,46,0,1
BRDA:417,47,0,1
BRDA:424,48,0,1
BRDA:435,49,0,2
BRDA:437,50,0,1
BRDA:444,51,0,3
BRDA:444,51,1,0
BRDA:446,52,0,2
BRDA:446,52,1,0
BRDA:455,53,0,1
BRDA:459,54,0,1
BRDA:459,55,0,6
BRDA:459,55,1,5
BRDA:463,56,0,1
BRDA:480,57,0,1
BRDA:482,58,0,1
BRDA:491,59,0,1
BRDA:491,59,1,0
BRDA:500,60,0,1
BRDA:504,61,0,1
BRDA:508,62,0,1
BRDA:519,63,0,1
BRDA:521,64,0,1
BRDA:530,65,0,1
BRDA:530,65,1,0
BRDA:544,66,0,2
BRDA:548,67,0,2
BRDA:552,68,0,2
BRDA:557,69,0,1
BRDA:557,70,0,10
BRDA:557,70,1,4
BRDA:570,71,0,2
BRDA:572,72,0,2
BRDA:581,73,0,2
BRDA:581,73,1,0
BRDA:590,74,0,1
BRDA:594,75,0,1
BRDA:598,76,0,1
BRDA:610,77,0,1
BRDA:612,78,0,1
BRDA:620,79,0,1
BRDA:620,79,1,0
BRDA:629,80,0,1
BRDA:633,81,0,1
BRDA:637,82,0,1
BRDA:645,83,0,2
BRDA:649,84,0,4
BRDA:655,85,0,5
BRDA:667,86,0,1
BRDA:669,87,0,1
BRDA:678,88,0,1
BRDA:678,88,1,0
BRDA:698,89,0,0
BRDA:698,89,1,0
BRDA:710,90,0,1
BRDA:727,91,0,1
BRDA:741,92,0,1
BRDA:741,92,1,0
BRDA:757,93,0,1
BRDA:772,94,0,1
BRDA:772,94,1,1
BRDA:777,95,0,1
BRDA:777,95,1,0
BRDA:785,96,0,1
BRDA:785,96,1,0
BRDA:791,97,0,2
BRDA:803,98,0,2
BRDA:828,99,0,1
BRDA:831,100,0,1
BRDA:831,100,1,0
BRDA:840,101,0,1
BRDA:852,102,0,1
BRDA:863,103,0,1
BRDA:863,103,1,0
BRDA:875,104,0,0
BRDA:880,105,0,0
BRDA:893,106,0,0
BRDA:908,107,0,0
BRDA:908,107,1,0
BRDA:917,108,0,0
BRDA:922,109,0,0
BRDA:935,110,0,0
BRDA:950,111,0,0
BRDA:950,111,1,0
BRDA:959,112,0,0
BRDA:964,113,0,0
BRDA:977,114,0,0
BRDA:992,115,0,0
BRDA:992,115,1,0
BRDA:1001,116,0,0
BRDA:1006,117,0,0
BRDA:1019,118,0,0
BRDA:1034,119,0,0
BRDA:1034,119,1,0
BRDA:1053,120,0,0
BRDA:1053,120,1,0
BRDA:1065,121,0,1
BRDA:1085,122,0,0
BRDA:1085,122,1,0
BRDA:1095,123,0,1
BRDA:1100,124,0,1
BRDA:1100,125,0,0
BRDA:1100,125,1,3
BRDA:1100,126,0,3
BRDA:1100,126,1,3
BRDA:1104,127,0,1
BRDA:1115,128,0,0
BRDA:1115,128,1,0
BRDA:1125,129,0,2
BRDA:1129,130,0,0
BRDA:1129,130,1,8
BRDA:1129,131,0,8
BRDA:1129,131,1,8
BRDA:1132,132,0,1
BRDA:1137,133,0,1
BRDA:1142,134,0,1
BRDA:1142,135,0,6
BRDA:1142,135,1,1
BRDA:1147,136,0,1
BRDA:1147,137,0,5
BRDA:1147,137,1,2
BRDA:1153,138,0,3
BRDA:1157,139,0,1
BRDA:1168,140,0,0
BRDA:1168,140,1,0
BRF:189
BRH:132
end_of_record
TN:
SF:tests/utils/auth.ts
FN:6,mockAuthenticatedUser
FN:7,(anonymous_1)
FN:21,mockAuthenticatedUserWithToken
FN:22,(anonymous_3)
FN:36,mockUnauthenticatedUser
FN:37,(anonymous_5)
FN:43,mockMissingAccessToken
FN:44,(anonymous_7)
FN:58,mockUserNotAgreedToTerms
FN:59,(anonymous_9)
FN:73,mockUserAgreedToTerms
FN:74,(anonymous_11)
FNF:12
FNH:7
FNDA:57,mockAuthenticatedUser
FNDA:1,(anonymous_1)
FNDA:74,mockAuthenticatedUserWithToken
FNDA:0,(anonymous_3)
FNDA:5,mockUnauthenticatedUser
FNDA:1,(anonymous_5)
FNDA:2,mockMissingAccessToken
FNDA:1,(anonymous_7)
FNDA:0,mockUserNotAgreedToTerms
FNDA:0,(anonymous_9)
FNDA:0,mockUserAgreedToTerms
FNDA:0,(anonymous_11)
DA:1,29
DA:6,29
DA:7,57
DA:21,29
DA:22,74
DA:36,29
DA:37,5
DA:43,29
DA:44,2
DA:58,29
DA:59,0
DA:73,29
DA:74,0
LF:13
LH:11
BRDA:6,0,0,2
BRDA:21,1,0,0
BRDA:21,2,0,0
BRF:3
BRH:1
end_of_record
